mode: set
github.com/andradeatdev/ai_contract_analyzer/api/pkg/pdf/pdf.go:10.47,15.16 4 1
github.com/andradeatdev/ai_contract_analyzer/api/pkg/pdf/pdf.go:15.16,17.3 1 1
github.com/andradeatdev/ai_contract_analyzer/api/pkg/pdf/pdf.go:19.2,20.16 2 0
github.com/andradeatdev/ai_contract_analyzer/api/pkg/pdf/pdf.go:20.16,22.3 1 0
github.com/andradeatdev/ai_contract_analyzer/api/pkg/pdf/pdf.go:24.2,26.16 3 0
github.com/andradeatdev/ai_contract_analyzer/api/pkg/pdf/pdf.go:26.16,28.3 1 0
github.com/andradeatdev/ai_contract_analyzer/api/pkg/pdf/pdf.go:30.2,30.26 1 0
github.com/andradeatdev/ai_contract_analyzer/api/backend/handlers/auth_handler.go:14.65,16.2 1 1
github.com/andradeatdev/ai_contract_analyzer/api/backend/handlers/auth_handler.go:18.72,19.33 1 1
github.com/andradeatdev/ai_contract_analyzer/api/backend/handlers/auth_handler.go:19.33,22.3 2 1
github.com/andradeatdev/ai_contract_analyzer/api/backend/handlers/auth_handler.go:24.2,30.61 2 1
github.com/andradeatdev/ai_contract_analyzer/api/backend/handlers/auth_handler.go:30.61,33.3 2 0
github.com/andradeatdev/ai_contract_analyzer/api/backend/handlers/auth_handler.go:35.2,35.61 1 1
github.com/andradeatdev/ai_contract_analyzer/api/backend/handlers/auth_handler.go:35.61,38.3 2 1
github.com/andradeatdev/ai_contract_analyzer/api/backend/handlers/auth_handler.go:40.2,41.16 2 1
github.com/andradeatdev/ai_contract_analyzer/api/backend/handlers/auth_handler.go:41.16,44.3 2 0
github.com/andradeatdev/ai_contract_analyzer/api/backend/handlers/auth_handler.go:46.2,46.47 1 1
github.com/andradeatdev/ai_contract_analyzer/api/backend/handlers/auth_handler.go:49.69,50.33 1 1
github.com/andradeatdev/ai_contract_analyzer/api/backend/handlers/auth_handler.go:50.33,53.3 2 0
github.com/andradeatdev/ai_contract_analyzer/api/backend/handlers/auth_handler.go:55.2,60.61 2 1
github.com/andradeatdev/ai_contract_analyzer/api/backend/handlers/auth_handler.go:60.61,63.3 2 1
github.com/andradeatdev/ai_contract_analyzer/api/backend/handlers/auth_handler.go:65.2,66.16 2 1
github.com/andradeatdev/ai_contract_analyzer/api/backend/handlers/auth_handler.go:66.16,69.3 2 1
github.com/andradeatdev/ai_contract_analyzer/api/backend/handlers/auth_handler.go:71.2,71.71 1 1
github.com/andradeatdev/ai_contract_analyzer/api/backend/handlers/auth_handler.go:74.75,75.33 1 1
github.com/andradeatdev/ai_contract_analyzer/api/backend/handlers/auth_handler.go:75.33,78.3 2 0
github.com/andradeatdev/ai_contract_analyzer/api/backend/handlers/auth_handler.go:80.2,85.61 2 1
github.com/andradeatdev/ai_contract_analyzer/api/backend/handlers/auth_handler.go:85.61,88.3 2 0
github.com/andradeatdev/ai_contract_analyzer/api/backend/handlers/auth_handler.go:90.2,90.39 1 1
github.com/andradeatdev/ai_contract_analyzer/api/backend/handlers/auth_handler.go:90.39,93.3 2 1
github.com/andradeatdev/ai_contract_analyzer/api/backend/handlers/auth_handler.go:95.2,96.16 2 1
github.com/andradeatdev/ai_contract_analyzer/api/backend/handlers/auth_handler.go:96.16,99.3 2 0
github.com/andradeatdev/ai_contract_analyzer/api/backend/handlers/auth_handler.go:101.2,101.115 1 1
github.com/andradeatdev/ai_contract_analyzer/api/backend/handlers/auth_handler.go:104.86,105.33 1 1
github.com/andradeatdev/ai_contract_analyzer/api/backend/handlers/auth_handler.go:105.33,108.3 2 0
github.com/andradeatdev/ai_contract_analyzer/api/backend/handlers/auth_handler.go:110.2,114.61 2 1
github.com/andradeatdev/ai_contract_analyzer/api/backend/handlers/auth_handler.go:114.61,117.3 2 0
github.com/andradeatdev/ai_contract_analyzer/api/backend/handlers/auth_handler.go:119.2,119.21 1 1
github.com/andradeatdev/ai_contract_analyzer/api/backend/handlers/auth_handler.go:119.21,122.3 2 1
github.com/andradeatdev/ai_contract_analyzer/api/backend/handlers/auth_handler.go:124.2,125.16 2 1
github.com/andradeatdev/ai_contract_analyzer/api/backend/handlers/auth_handler.go:125.16,128.3 2 0
github.com/andradeatdev/ai_contract_analyzer/api/backend/handlers/auth_handler.go:130.2,130.99 1 1
github.com/andradeatdev/ai_contract_analyzer/api/backend/handlers/contract_handler.go:17.77,19.2 1 1
github.com/andradeatdev/ai_contract_analyzer/api/backend/handlers/contract_handler.go:21.74,23.33 2 0
github.com/andradeatdev/ai_contract_analyzer/api/backend/handlers/contract_handler.go:23.33,26.3 2 0
github.com/andradeatdev/ai_contract_analyzer/api/backend/handlers/contract_handler.go:28.2,29.9 2 0
github.com/andradeatdev/ai_contract_analyzer/api/backend/handlers/contract_handler.go:29.9,32.3 2 0
github.com/andradeatdev/ai_contract_analyzer/api/backend/handlers/contract_handler.go:36.2,39.16 3 0
github.com/andradeatdev/ai_contract_analyzer/api/backend/handlers/contract_handler.go:39.16,41.52 2 0
github.com/andradeatdev/ai_contract_analyzer/api/backend/handlers/contract_handler.go:41.52,43.4 1 0
github.com/andradeatdev/ai_contract_analyzer/api/backend/handlers/contract_handler.go:43.9,45.4 1 0
github.com/andradeatdev/ai_contract_analyzer/api/backend/handlers/contract_handler.go:46.3,46.9 1 0
github.com/andradeatdev/ai_contract_analyzer/api/backend/handlers/contract_handler.go:48.2,48.15 1 0
github.com/andradeatdev/ai_contract_analyzer/api/backend/handlers/contract_handler.go:48.15,48.35 1 0
github.com/andradeatdev/ai_contract_analyzer/api/backend/handlers/contract_handler.go:50.2,50.32 1 0
github.com/andradeatdev/ai_contract_analyzer/api/backend/handlers/contract_handler.go:50.32,53.3 2 0
github.com/andradeatdev/ai_contract_analyzer/api/backend/handlers/contract_handler.go:55.2,56.16 2 0
github.com/andradeatdev/ai_contract_analyzer/api/backend/handlers/contract_handler.go:56.16,60.3 3 0
github.com/andradeatdev/ai_contract_analyzer/api/backend/handlers/contract_handler.go:62.2,63.16 2 0
github.com/andradeatdev/ai_contract_analyzer/api/backend/handlers/contract_handler.go:63.16,67.3 3 0
github.com/andradeatdev/ai_contract_analyzer/api/backend/handlers/contract_handler.go:69.2,69.46 1 0
github.com/andradeatdev/ai_contract_analyzer/api/backend/handlers/contract_handler.go:72.72,73.33 1 0
github.com/andradeatdev/ai_contract_analyzer/api/backend/handlers/contract_handler.go:73.33,76.3 2 0
github.com/andradeatdev/ai_contract_analyzer/api/backend/handlers/contract_handler.go:78.2,79.9 2 0
github.com/andradeatdev/ai_contract_analyzer/api/backend/handlers/contract_handler.go:79.9,82.3 2 0
github.com/andradeatdev/ai_contract_analyzer/api/backend/handlers/contract_handler.go:84.2,89.61 2 0
github.com/andradeatdev/ai_contract_analyzer/api/backend/handlers/contract_handler.go:89.61,92.3 2 0
github.com/andradeatdev/ai_contract_analyzer/api/backend/handlers/contract_handler.go:94.2,95.16 2 0
github.com/andradeatdev/ai_contract_analyzer/api/backend/handlers/contract_handler.go:95.16,98.3 2 0
github.com/andradeatdev/ai_contract_analyzer/api/backend/handlers/contract_handler.go:100.2,100.73 1 0
github.com/andradeatdev/ai_contract_analyzer/api/backend/handlers/contract_handler.go:103.72,104.32 1 1
github.com/andradeatdev/ai_contract_analyzer/api/backend/handlers/contract_handler.go:104.32,107.3 2 0
github.com/andradeatdev/ai_contract_analyzer/api/backend/handlers/contract_handler.go:109.2,110.9 2 1
github.com/andradeatdev/ai_contract_analyzer/api/backend/handlers/contract_handler.go:110.9,113.3 2 1
github.com/andradeatdev/ai_contract_analyzer/api/backend/handlers/contract_handler.go:115.2,116.16 2 1
github.com/andradeatdev/ai_contract_analyzer/api/backend/handlers/contract_handler.go:116.16,119.3 2 0
github.com/andradeatdev/ai_contract_analyzer/api/backend/handlers/contract_handler.go:121.2,121.47 1 1
github.com/andradeatdev/ai_contract_analyzer/api/backend/handlers/contract_handler.go:124.78,125.33 1 0
github.com/andradeatdev/ai_contract_analyzer/api/backend/handlers/contract_handler.go:125.33,128.3 2 0
github.com/andradeatdev/ai_contract_analyzer/api/backend/handlers/contract_handler.go:130.2,131.9 2 0
github.com/andradeatdev/ai_contract_analyzer/api/backend/handlers/contract_handler.go:131.9,134.3 2 0
github.com/andradeatdev/ai_contract_analyzer/api/backend/handlers/contract_handler.go:136.2,143.61 2 0
github.com/andradeatdev/ai_contract_analyzer/api/backend/handlers/contract_handler.go:143.61,146.3 2 0
github.com/andradeatdev/ai_contract_analyzer/api/backend/handlers/contract_handler.go:148.2,149.16 2 0
github.com/andradeatdev/ai_contract_analyzer/api/backend/handlers/contract_handler.go:149.16,152.3 2 0
github.com/andradeatdev/ai_contract_analyzer/api/backend/handlers/contract_handler.go:154.2,154.42 1 0
github.com/andradeatdev/ai_contract_analyzer/api/backend/handlers/contract_handler.go:157.87,158.35 1 0
github.com/andradeatdev/ai_contract_analyzer/api/backend/handlers/contract_handler.go:158.35,161.3 2 0
github.com/andradeatdev/ai_contract_analyzer/api/backend/handlers/contract_handler.go:163.2,164.9 2 0
github.com/andradeatdev/ai_contract_analyzer/api/backend/handlers/contract_handler.go:164.9,167.3 2 0
github.com/andradeatdev/ai_contract_analyzer/api/backend/handlers/contract_handler.go:169.2,169.57 1 0
github.com/andradeatdev/ai_contract_analyzer/api/backend/handlers/contract_handler.go:169.57,172.3 2 0
github.com/andradeatdev/ai_contract_analyzer/api/backend/handlers/contract_handler.go:174.2,174.37 1 0
github.com/andradeatdev/ai_contract_analyzer/api/backend/handlers/contract_handler.go:177.84,178.32 1 0
github.com/andradeatdev/ai_contract_analyzer/api/backend/handlers/contract_handler.go:178.32,181.3 2 0
github.com/andradeatdev/ai_contract_analyzer/api/backend/handlers/contract_handler.go:183.2,184.9 2 0
github.com/andradeatdev/ai_contract_analyzer/api/backend/handlers/contract_handler.go:184.9,187.3 2 0
github.com/andradeatdev/ai_contract_analyzer/api/backend/handlers/contract_handler.go:189.2,190.16 2 0
github.com/andradeatdev/ai_contract_analyzer/api/backend/handlers/contract_handler.go:190.16,193.3 2 0
github.com/andradeatdev/ai_contract_analyzer/api/backend/handlers/contract_handler.go:195.2,195.46 1 0
github.com/andradeatdev/ai_contract_analyzer/api/backend/handlers/contract_handler.go:198.86,199.33 1 0
github.com/andradeatdev/ai_contract_analyzer/api/backend/handlers/contract_handler.go:199.33,202.3 2 0
github.com/andradeatdev/ai_contract_analyzer/api/backend/handlers/contract_handler.go:204.2,205.9 2 0
github.com/andradeatdev/ai_contract_analyzer/api/backend/handlers/contract_handler.go:205.9,208.3 2 0
github.com/andradeatdev/ai_contract_analyzer/api/backend/handlers/contract_handler.go:210.2,211.16 2 0
github.com/andradeatdev/ai_contract_analyzer/api/backend/handlers/contract_handler.go:211.16,215.3 3 0
github.com/andradeatdev/ai_contract_analyzer/api/backend/handlers/contract_handler.go:217.2,217.46 1 0
github.com/andradeatdev/ai_contract_analyzer/api/backend/handlers/contract_handler.go:220.91,222.9 2 0
github.com/andradeatdev/ai_contract_analyzer/api/backend/handlers/contract_handler.go:222.9,225.3 2 0
github.com/andradeatdev/ai_contract_analyzer/api/backend/handlers/contract_handler.go:227.2,228.16 2 0
github.com/andradeatdev/ai_contract_analyzer/api/backend/handlers/contract_handler.go:228.16,231.3 2 0
github.com/andradeatdev/ai_contract_analyzer/api/backend/handlers/contract_handler.go:233.2,235.33 3 0
github.com/andradeatdev/ai_contract_analyzer/api/backend/handlers/contract_handler.go:238.90,239.32 1 0
github.com/andradeatdev/ai_contract_analyzer/api/backend/handlers/contract_handler.go:239.32,242.3 2 0
github.com/andradeatdev/ai_contract_analyzer/api/backend/handlers/contract_handler.go:244.2,245.9 2 0
github.com/andradeatdev/ai_contract_analyzer/api/backend/handlers/contract_handler.go:245.9,248.3 2 0
github.com/andradeatdev/ai_contract_analyzer/api/backend/handlers/contract_handler.go:250.2,252.16 3 0
github.com/andradeatdev/ai_contract_analyzer/api/backend/handlers/contract_handler.go:252.16,256.3 3 0
github.com/andradeatdev/ai_contract_analyzer/api/backend/handlers/contract_handler.go:258.2,258.46 1 0
github.com/andradeatdev/ai_contract_analyzer/api/backend/handlers/contract_handler.go:261.83,262.64 1 0
github.com/andradeatdev/ai_contract_analyzer/api/backend/handlers/contract_handler.go:262.64,265.3 2 0
github.com/andradeatdev/ai_contract_analyzer/api/backend/handlers/contract_handler.go:267.2,268.9 2 0
github.com/andradeatdev/ai_contract_analyzer/api/backend/handlers/contract_handler.go:268.9,271.3 2 0
github.com/andradeatdev/ai_contract_analyzer/api/backend/handlers/contract_handler.go:273.2,276.61 2 0
github.com/andradeatdev/ai_contract_analyzer/api/backend/handlers/contract_handler.go:276.61,279.3 2 0
github.com/andradeatdev/ai_contract_analyzer/api/backend/handlers/contract_handler.go:281.2,281.75 1 0
github.com/andradeatdev/ai_contract_analyzer/api/backend/handlers/contract_handler.go:281.75,284.3 2 0
github.com/andradeatdev/ai_contract_analyzer/api/backend/handlers/contract_handler.go:286.2,286.37 1 0
github.com/andradeatdev/ai_contract_analyzer/api/backend/handlers/contract_handler.go:289.83,290.35 1 0
github.com/andradeatdev/ai_contract_analyzer/api/backend/handlers/contract_handler.go:290.35,293.3 2 0
github.com/andradeatdev/ai_contract_analyzer/api/backend/handlers/contract_handler.go:295.2,296.9 2 0
github.com/andradeatdev/ai_contract_analyzer/api/backend/handlers/contract_handler.go:296.9,299.3 2 0
github.com/andradeatdev/ai_contract_analyzer/api/backend/handlers/contract_handler.go:301.2,301.61 1 0
github.com/andradeatdev/ai_contract_analyzer/api/backend/handlers/contract_handler.go:301.61,304.3 2 0
github.com/andradeatdev/ai_contract_analyzer/api/backend/handlers/contract_handler.go:306.2,306.37 1 0
github.com/andradeatdev/ai_contract_analyzer/api/backend/handlers/contract_handler.go:309.85,311.9 2 0
github.com/andradeatdev/ai_contract_analyzer/api/backend/handlers/contract_handler.go:311.9,314.3 2 0
github.com/andradeatdev/ai_contract_analyzer/api/backend/handlers/contract_handler.go:316.2,317.16 2 0
github.com/andradeatdev/ai_contract_analyzer/api/backend/handlers/contract_handler.go:317.16,320.3 2 0
github.com/andradeatdev/ai_contract_analyzer/api/backend/handlers/contract_handler.go:322.2,322.29 1 0
github.com/andradeatdev/ai_contract_analyzer/api/backend/handlers/contract_handler.go:322.29,325.3 2 0
github.com/andradeatdev/ai_contract_analyzer/api/backend/handlers/contract_handler.go:328.2,329.16 2 0
github.com/andradeatdev/ai_contract_analyzer/api/backend/handlers/contract_handler.go:329.16,333.3 3 0
github.com/andradeatdev/ai_contract_analyzer/api/backend/handlers/contract_handler.go:335.2,337.22 3 0
github.com/andradeatdev/ai_contract_analyzer/api/backend/handlers/contract_handler.go:340.75,341.32 1 0
github.com/andradeatdev/ai_contract_analyzer/api/backend/handlers/contract_handler.go:341.32,344.3 2 0
github.com/andradeatdev/ai_contract_analyzer/api/backend/handlers/contract_handler.go:346.2,347.9 2 0
github.com/andradeatdev/ai_contract_analyzer/api/backend/handlers/contract_handler.go:347.9,350.3 2 0
github.com/andradeatdev/ai_contract_analyzer/api/backend/handlers/contract_handler.go:352.2,353.16 2 0
github.com/andradeatdev/ai_contract_analyzer/api/backend/handlers/contract_handler.go:353.16,356.3 2 0
github.com/andradeatdev/ai_contract_analyzer/api/backend/handlers/contract_handler.go:358.2,358.42 1 0
github.com/andradeatdev/ai_contract_analyzer/api/backend/handlers/contract_handler.go:361.78,362.63 1 0
github.com/andradeatdev/ai_contract_analyzer/api/backend/handlers/contract_handler.go:362.63,365.3 2 0
github.com/andradeatdev/ai_contract_analyzer/api/backend/handlers/contract_handler.go:367.2,368.9 2 0
github.com/andradeatdev/ai_contract_analyzer/api/backend/handlers/contract_handler.go:368.9,371.3 2 0
github.com/andradeatdev/ai_contract_analyzer/api/backend/handlers/contract_handler.go:373.2,374.61 2 0
github.com/andradeatdev/ai_contract_analyzer/api/backend/handlers/contract_handler.go:374.61,377.3 2 0
github.com/andradeatdev/ai_contract_analyzer/api/backend/handlers/contract_handler.go:379.2,380.51 2 0
github.com/andradeatdev/ai_contract_analyzer/api/backend/handlers/contract_handler.go:380.51,383.3 2 0
github.com/andradeatdev/ai_contract_analyzer/api/backend/handlers/contract_handler.go:385.2,385.41 1 0
github.com/andradeatdev/ai_contract_analyzer/api/backend/handlers/contract_handler.go:388.76,389.32 1 1
github.com/andradeatdev/ai_contract_analyzer/api/backend/handlers/contract_handler.go:389.32,392.3 2 0
github.com/andradeatdev/ai_contract_analyzer/api/backend/handlers/contract_handler.go:394.2,395.9 2 1
github.com/andradeatdev/ai_contract_analyzer/api/backend/handlers/contract_handler.go:395.9,398.3 2 0
github.com/andradeatdev/ai_contract_analyzer/api/backend/handlers/contract_handler.go:400.2,401.16 2 1
github.com/andradeatdev/ai_contract_analyzer/api/backend/handlers/contract_handler.go:401.16,404.3 2 0
github.com/andradeatdev/ai_contract_analyzer/api/backend/handlers/contract_handler.go:406.2,406.46 1 1
github.com/andradeatdev/ai_contract_analyzer/api/backend/handlers/contract_handler.go:409.73,410.32 1 1
github.com/andradeatdev/ai_contract_analyzer/api/backend/handlers/contract_handler.go:410.32,413.3 2 0
github.com/andradeatdev/ai_contract_analyzer/api/backend/handlers/contract_handler.go:415.2,416.9 2 1
github.com/andradeatdev/ai_contract_analyzer/api/backend/handlers/contract_handler.go:416.9,419.3 2 0
github.com/andradeatdev/ai_contract_analyzer/api/backend/handlers/contract_handler.go:421.2,422.16 2 1
github.com/andradeatdev/ai_contract_analyzer/api/backend/handlers/contract_handler.go:422.16,425.3 2 0
github.com/andradeatdev/ai_contract_analyzer/api/backend/handlers/contract_handler.go:427.2,427.43 1 1
github.com/andradeatdev/ai_contract_analyzer/api/backend/handlers/logger.go:12.13,15.68 2 1
github.com/andradeatdev/ai_contract_analyzer/api/backend/handlers/logger.go:15.68,17.3 1 0
github.com/andradeatdev/ai_contract_analyzer/api/backend/handlers/logger.go:17.8,19.3 1 1
github.com/andradeatdev/ai_contract_analyzer/api/backend/handlers/logger.go:20.2,20.28 1 1
github.com/andradeatdev/ai_contract_analyzer/api/backend/handlers/logger.go:29.49,30.20 1 0
github.com/andradeatdev/ai_contract_analyzer/api/backend/handlers/logger.go:30.20,32.3 1 0
github.com/andradeatdev/ai_contract_analyzer/api/backend/handlers/logger.go:33.2,35.37 3 0
github.com/andradeatdev/ai_contract_analyzer/api/backend/handlers/logger.go:38.56,39.21 1 0
github.com/andradeatdev/ai_contract_analyzer/api/backend/handlers/logger.go:39.21,41.3 1 0
github.com/andradeatdev/ai_contract_analyzer/api/backend/handlers/logger.go:42.2,42.35 1 0
github.com/andradeatdev/ai_contract_analyzer/api/backend/handlers/logger.go:46.61,47.71 1 0
github.com/andradeatdev/ai_contract_analyzer/api/backend/handlers/logger.go:47.71,68.60 6 0
github.com/andradeatdev/ai_contract_analyzer/api/backend/handlers/logger.go:68.60,70.4 1 0
github.com/andradeatdev/ai_contract_analyzer/api/backend/handlers/logger.go:73.3,73.59 1 0
github.com/andradeatdev/ai_contract_analyzer/api/backend/handlers/logger.go:73.59,75.4 1 0
github.com/andradeatdev/ai_contract_analyzer/api/backend/handlers/logger.go:77.3,78.23 2 0
github.com/andradeatdev/ai_contract_analyzer/api/backend/handlers/logger.go:78.23,80.4 1 0
github.com/andradeatdev/ai_contract_analyzer/api/backend/handlers/logger.go:80.9,80.30 1 0
github.com/andradeatdev/ai_contract_analyzer/api/backend/handlers/logger.go:80.30,82.4 1 0
github.com/andradeatdev/ai_contract_analyzer/api/backend/handlers/logger.go:84.3,84.69 1 0
github.com/andradeatdev/ai_contract_analyzer/api/backend/handlers/middleware.go:17.61,18.54 1 0
github.com/andradeatdev/ai_contract_analyzer/api/backend/handlers/middleware.go:18.54,20.23 2 0
github.com/andradeatdev/ai_contract_analyzer/api/backend/handlers/middleware.go:20.23,23.4 2 0
github.com/andradeatdev/ai_contract_analyzer/api/backend/handlers/middleware.go:25.3,26.46 2 0
github.com/andradeatdev/ai_contract_analyzer/api/backend/handlers/middleware.go:26.46,29.4 2 0
github.com/andradeatdev/ai_contract_analyzer/api/backend/handlers/middleware.go:31.3,33.22 3 0
github.com/andradeatdev/ai_contract_analyzer/api/backend/handlers/middleware.go:33.22,35.4 1 0
github.com/andradeatdev/ai_contract_analyzer/api/backend/handlers/middleware.go:37.3,37.84 1 0
github.com/andradeatdev/ai_contract_analyzer/api/backend/handlers/middleware.go:37.84,38.59 1 0
github.com/andradeatdev/ai_contract_analyzer/api/backend/handlers/middleware.go:38.59,40.5 1 0
github.com/andradeatdev/ai_contract_analyzer/api/backend/handlers/middleware.go:41.4,41.33 1 0
github.com/andradeatdev/ai_contract_analyzer/api/backend/handlers/middleware.go:44.3,44.33 1 0
github.com/andradeatdev/ai_contract_analyzer/api/backend/handlers/middleware.go:44.33,47.4 2 0
github.com/andradeatdev/ai_contract_analyzer/api/backend/handlers/middleware.go:49.3,50.10 2 0
github.com/andradeatdev/ai_contract_analyzer/api/backend/handlers/middleware.go:50.10,53.4 2 0
github.com/andradeatdev/ai_contract_analyzer/api/backend/handlers/middleware.go:55.3,56.10 2 0
github.com/andradeatdev/ai_contract_analyzer/api/backend/handlers/middleware.go:56.10,59.4 2 0
github.com/andradeatdev/ai_contract_analyzer/api/backend/handlers/middleware.go:61.3,63.30 3 0
github.com/andradeatdev/ai_contract_analyzer/api/backend/handlers/response.go:9.69,13.2 3 1
github.com/andradeatdev/ai_contract_analyzer/api/backend/handlers/response.go:16.74,20.2 3 1
github.com/andradeatdev/ai_contract_analyzer/api/backend/services/auth_service.go:22.83,24.2 1 1
github.com/andradeatdev/ai_contract_analyzer/api/backend/services/auth_service.go:26.84,29.21 2 1
github.com/andradeatdev/ai_contract_analyzer/api/backend/services/auth_service.go:29.21,30.29 1 1
github.com/andradeatdev/ai_contract_analyzer/api/backend/services/auth_service.go:30.29,32.4 1 1
github.com/andradeatdev/ai_contract_analyzer/api/backend/services/auth_service.go:36.3,36.72 1 1
github.com/andradeatdev/ai_contract_analyzer/api/backend/services/auth_service.go:36.72,39.4 2 1
github.com/andradeatdev/ai_contract_analyzer/api/backend/services/auth_service.go:42.3,43.17 2 1
github.com/andradeatdev/ai_contract_analyzer/api/backend/services/auth_service.go:43.17,45.4 1 0
github.com/andradeatdev/ai_contract_analyzer/api/backend/services/auth_service.go:47.3,52.53 5 1
github.com/andradeatdev/ai_contract_analyzer/api/backend/services/auth_service.go:52.53,54.4 1 0
github.com/andradeatdev/ai_contract_analyzer/api/backend/services/auth_service.go:57.3,58.17 2 1
github.com/andradeatdev/ai_contract_analyzer/api/backend/services/auth_service.go:58.17,60.4 1 0
github.com/andradeatdev/ai_contract_analyzer/api/backend/services/auth_service.go:62.3,62.95 1 1
github.com/andradeatdev/ai_contract_analyzer/api/backend/services/auth_service.go:62.95,64.4 1 0
github.com/andradeatdev/ai_contract_analyzer/api/backend/services/auth_service.go:65.3,65.23 1 1
github.com/andradeatdev/ai_contract_analyzer/api/backend/services/auth_service.go:69.2,70.16 2 1
github.com/andradeatdev/ai_contract_analyzer/api/backend/services/auth_service.go:70.16,72.3 1 0
github.com/andradeatdev/ai_contract_analyzer/api/backend/services/auth_service.go:75.2,79.16 2 1
github.com/andradeatdev/ai_contract_analyzer/api/backend/services/auth_service.go:79.16,81.3 1 0
github.com/andradeatdev/ai_contract_analyzer/api/backend/services/auth_service.go:83.2,93.48 2 1
github.com/andradeatdev/ai_contract_analyzer/api/backend/services/auth_service.go:93.48,95.3 1 0
github.com/andradeatdev/ai_contract_analyzer/api/backend/services/auth_service.go:98.2,99.16 2 1
github.com/andradeatdev/ai_contract_analyzer/api/backend/services/auth_service.go:99.16,101.3 1 0
github.com/andradeatdev/ai_contract_analyzer/api/backend/services/auth_service.go:104.2,104.86 1 1
github.com/andradeatdev/ai_contract_analyzer/api/backend/services/auth_service.go:104.86,106.3 1 0
github.com/andradeatdev/ai_contract_analyzer/api/backend/services/auth_service.go:108.2,108.18 1 1
github.com/andradeatdev/ai_contract_analyzer/api/backend/services/auth_service.go:111.66,113.16 2 1
github.com/andradeatdev/ai_contract_analyzer/api/backend/services/auth_service.go:113.16,115.3 1 0
github.com/andradeatdev/ai_contract_analyzer/api/backend/services/auth_service.go:117.2,117.24 1 1
github.com/andradeatdev/ai_contract_analyzer/api/backend/services/auth_service.go:117.24,119.3 1 0
github.com/andradeatdev/ai_contract_analyzer/api/backend/services/auth_service.go:122.2,122.67 1 1
github.com/andradeatdev/ai_contract_analyzer/api/backend/services/auth_service.go:122.67,125.3 2 1
github.com/andradeatdev/ai_contract_analyzer/api/backend/services/auth_service.go:128.2,131.48 3 1
github.com/andradeatdev/ai_contract_analyzer/api/backend/services/auth_service.go:131.48,133.3 1 0
github.com/andradeatdev/ai_contract_analyzer/api/backend/services/auth_service.go:136.2,137.16 2 1
github.com/andradeatdev/ai_contract_analyzer/api/backend/services/auth_service.go:137.16,139.3 1 0
github.com/andradeatdev/ai_contract_analyzer/api/backend/services/auth_service.go:141.2,141.70 1 1
github.com/andradeatdev/ai_contract_analyzer/api/backend/services/auth_service.go:144.71,146.16 2 1
github.com/andradeatdev/ai_contract_analyzer/api/backend/services/auth_service.go:146.16,148.3 1 1
github.com/andradeatdev/ai_contract_analyzer/api/backend/services/auth_service.go:151.2,151.88 1 1
github.com/andradeatdev/ai_contract_analyzer/api/backend/services/auth_service.go:151.88,153.3 1 1
github.com/andradeatdev/ai_contract_analyzer/api/backend/services/auth_service.go:153.8,163.29 2 1
github.com/andradeatdev/ai_contract_analyzer/api/backend/services/auth_service.go:163.29,165.4 1 1
github.com/andradeatdev/ai_contract_analyzer/api/backend/services/auth_service.go:168.2,168.43 1 1
github.com/andradeatdev/ai_contract_analyzer/api/backend/services/auth_service.go:168.43,170.3 1 0
github.com/andradeatdev/ai_contract_analyzer/api/backend/services/auth_service.go:172.2,175.48 3 1
github.com/andradeatdev/ai_contract_analyzer/api/backend/services/auth_service.go:175.48,177.3 1 0
github.com/andradeatdev/ai_contract_analyzer/api/backend/services/auth_service.go:180.2,180.30 1 1
github.com/andradeatdev/ai_contract_analyzer/api/backend/services/auth_service.go:183.72,191.21 3 1
github.com/andradeatdev/ai_contract_analyzer/api/backend/services/auth_service.go:191.21,193.3 1 1
github.com/andradeatdev/ai_contract_analyzer/api/backend/services/auth_service.go:195.2,195.46 1 1
github.com/andradeatdev/ai_contract_analyzer/api/backend/services/auth_service.go:198.69,200.16 2 0
github.com/andradeatdev/ai_contract_analyzer/api/backend/services/auth_service.go:200.16,202.3 1 0
github.com/andradeatdev/ai_contract_analyzer/api/backend/services/auth_service.go:205.2,205.25 1 0
github.com/andradeatdev/ai_contract_analyzer/api/backend/services/auth_service.go:205.25,207.3 1 0
github.com/andradeatdev/ai_contract_analyzer/api/backend/services/auth_service.go:210.2,210.99 1 0
github.com/andradeatdev/ai_contract_analyzer/api/backend/services/auth_service.go:210.99,212.3 1 0
github.com/andradeatdev/ai_contract_analyzer/api/backend/services/auth_service.go:214.2,214.30 1 0
github.com/andradeatdev/ai_contract_analyzer/api/backend/services/contract_service.go:30.96,32.2 1 0
github.com/andradeatdev/ai_contract_analyzer/api/backend/services/contract_service.go:34.131,36.2 1 0
github.com/andradeatdev/ai_contract_analyzer/api/backend/services/contract_service.go:44.61,46.2 1 0
github.com/andradeatdev/ai_contract_analyzer/api/backend/services/contract_service.go:55.139,56.21 1 1
github.com/andradeatdev/ai_contract_analyzer/api/backend/services/contract_service.go:56.21,58.3 1 1
github.com/andradeatdev/ai_contract_analyzer/api/backend/services/contract_service.go:59.2,59.22 1 1
github.com/andradeatdev/ai_contract_analyzer/api/backend/services/contract_service.go:59.22,61.3 1 1
github.com/andradeatdev/ai_contract_analyzer/api/backend/services/contract_service.go:62.2,62.20 1 1
github.com/andradeatdev/ai_contract_analyzer/api/backend/services/contract_service.go:62.20,64.3 1 1
github.com/andradeatdev/ai_contract_analyzer/api/backend/services/contract_service.go:65.2,65.91 1 1
github.com/andradeatdev/ai_contract_analyzer/api/backend/services/contract_service.go:68.70,79.40 6 1
github.com/andradeatdev/ai_contract_analyzer/api/backend/services/contract_service.go:79.40,82.22 2 0
github.com/andradeatdev/ai_contract_analyzer/api/backend/services/contract_service.go:82.22,84.4 1 0
github.com/andradeatdev/ai_contract_analyzer/api/backend/services/contract_service.go:85.3,85.44 1 0
github.com/andradeatdev/ai_contract_analyzer/api/backend/services/contract_service.go:87.2,92.35 3 1
github.com/andradeatdev/ai_contract_analyzer/api/backend/services/contract_service.go:92.35,94.3 1 0
github.com/andradeatdev/ai_contract_analyzer/api/backend/services/contract_service.go:96.2,96.18 1 1
github.com/andradeatdev/ai_contract_analyzer/api/backend/services/contract_service.go:99.136,102.16 2 1
github.com/andradeatdev/ai_contract_analyzer/api/backend/services/contract_service.go:102.16,104.3 1 0
github.com/andradeatdev/ai_contract_analyzer/api/backend/services/contract_service.go:107.2,108.16 2 1
github.com/andradeatdev/ai_contract_analyzer/api/backend/services/contract_service.go:108.16,110.3 1 0
github.com/andradeatdev/ai_contract_analyzer/api/backend/services/contract_service.go:113.2,113.26 1 1
github.com/andradeatdev/ai_contract_analyzer/api/backend/services/contract_service.go:113.26,115.3 1 1
github.com/andradeatdev/ai_contract_analyzer/api/backend/services/contract_service.go:118.2,119.16 2 1
github.com/andradeatdev/ai_contract_analyzer/api/backend/services/contract_service.go:119.16,121.3 1 0
github.com/andradeatdev/ai_contract_analyzer/api/backend/services/contract_service.go:124.2,133.35 2 1
github.com/andradeatdev/ai_contract_analyzer/api/backend/services/contract_service.go:133.35,140.3 1 1
github.com/andradeatdev/ai_contract_analyzer/api/backend/services/contract_service.go:143.2,143.48 1 1
github.com/andradeatdev/ai_contract_analyzer/api/backend/services/contract_service.go:143.48,145.3 1 0
github.com/andradeatdev/ai_contract_analyzer/api/backend/services/contract_service.go:147.2,147.22 1 1
github.com/andradeatdev/ai_contract_analyzer/api/backend/services/contract_service.go:150.114,153.16 2 1
github.com/andradeatdev/ai_contract_analyzer/api/backend/services/contract_service.go:153.16,155.3 1 0
github.com/andradeatdev/ai_contract_analyzer/api/backend/services/contract_service.go:158.2,159.16 2 1
github.com/andradeatdev/ai_contract_analyzer/api/backend/services/contract_service.go:159.16,161.3 1 0
github.com/andradeatdev/ai_contract_analyzer/api/backend/services/contract_service.go:164.2,165.16 2 1
github.com/andradeatdev/ai_contract_analyzer/api/backend/services/contract_service.go:165.16,167.3 1 0
github.com/andradeatdev/ai_contract_analyzer/api/backend/services/contract_service.go:170.2,171.16 2 1
github.com/andradeatdev/ai_contract_analyzer/api/backend/services/contract_service.go:171.16,173.3 1 0
github.com/andradeatdev/ai_contract_analyzer/api/backend/services/contract_service.go:176.2,176.26 1 1
github.com/andradeatdev/ai_contract_analyzer/api/backend/services/contract_service.go:176.26,178.3 1 0
github.com/andradeatdev/ai_contract_analyzer/api/backend/services/contract_service.go:181.2,181.68 1 1
github.com/andradeatdev/ai_contract_analyzer/api/backend/services/contract_service.go:181.68,183.3 1 0
github.com/andradeatdev/ai_contract_analyzer/api/backend/services/contract_service.go:186.2,190.35 4 1
github.com/andradeatdev/ai_contract_analyzer/api/backend/services/contract_service.go:190.35,198.3 1 1
github.com/andradeatdev/ai_contract_analyzer/api/backend/services/contract_service.go:201.2,201.48 1 1
github.com/andradeatdev/ai_contract_analyzer/api/backend/services/contract_service.go:201.48,203.3 1 0
github.com/andradeatdev/ai_contract_analyzer/api/backend/services/contract_service.go:205.2,205.22 1 1
github.com/andradeatdev/ai_contract_analyzer/api/backend/services/contract_service.go:208.88,210.16 2 1
github.com/andradeatdev/ai_contract_analyzer/api/backend/services/contract_service.go:210.16,212.3 1 0
github.com/andradeatdev/ai_contract_analyzer/api/backend/services/contract_service.go:214.2,222.30 7 1
github.com/andradeatdev/ai_contract_analyzer/api/backend/services/contract_service.go:222.30,224.3 1 0
github.com/andradeatdev/ai_contract_analyzer/api/backend/services/contract_service.go:224.8,225.36 1 1
github.com/andradeatdev/ai_contract_analyzer/api/backend/services/contract_service.go:225.36,227.28 2 1
github.com/andradeatdev/ai_contract_analyzer/api/backend/services/contract_service.go:227.28,229.5 1 1
github.com/andradeatdev/ai_contract_analyzer/api/backend/services/contract_service.go:229.10,229.37 1 0
github.com/andradeatdev/ai_contract_analyzer/api/backend/services/contract_service.go:229.37,231.5 1 0
github.com/andradeatdev/ai_contract_analyzer/api/backend/services/contract_service.go:233.4,236.22 4 1
github.com/andradeatdev/ai_contract_analyzer/api/backend/services/contract_service.go:236.22,239.5 2 0
github.com/andradeatdev/ai_contract_analyzer/api/backend/services/contract_service.go:240.4,240.29 1 1
github.com/andradeatdev/ai_contract_analyzer/api/backend/services/contract_service.go:244.2,246.70 2 1
github.com/andradeatdev/ai_contract_analyzer/api/backend/services/contract_service.go:249.120,252.16 2 1
github.com/andradeatdev/ai_contract_analyzer/api/backend/services/contract_service.go:252.16,254.3 1 0
github.com/andradeatdev/ai_contract_analyzer/api/backend/services/contract_service.go:257.2,258.16 2 1
github.com/andradeatdev/ai_contract_analyzer/api/backend/services/contract_service.go:258.16,260.3 1 0
github.com/andradeatdev/ai_contract_analyzer/api/backend/services/contract_service.go:263.2,268.54 2 1
github.com/andradeatdev/ai_contract_analyzer/api/backend/services/contract_service.go:268.54,270.3 1 0
github.com/andradeatdev/ai_contract_analyzer/api/backend/services/contract_service.go:273.2,274.16 2 1
github.com/andradeatdev/ai_contract_analyzer/api/backend/services/contract_service.go:274.16,276.3 1 0
github.com/andradeatdev/ai_contract_analyzer/api/backend/services/contract_service.go:279.2,284.52 2 1
github.com/andradeatdev/ai_contract_analyzer/api/backend/services/contract_service.go:284.52,286.3 1 0
github.com/andradeatdev/ai_contract_analyzer/api/backend/services/contract_service.go:288.2,288.20 1 1
github.com/andradeatdev/ai_contract_analyzer/api/backend/services/contract_service.go:291.142,294.16 2 1
github.com/andradeatdev/ai_contract_analyzer/api/backend/services/contract_service.go:294.16,296.3 1 0
github.com/andradeatdev/ai_contract_analyzer/api/backend/services/contract_service.go:299.2,306.48 2 1
github.com/andradeatdev/ai_contract_analyzer/api/backend/services/contract_service.go:306.48,308.3 1 0
github.com/andradeatdev/ai_contract_analyzer/api/backend/services/contract_service.go:310.2,310.18 1 1
github.com/andradeatdev/ai_contract_analyzer/api/backend/services/contract_service.go:313.66,315.2 1 0
github.com/andradeatdev/ai_contract_analyzer/api/backend/services/contract_service.go:317.81,319.2 1 0
github.com/andradeatdev/ai_contract_analyzer/api/backend/services/contract_service.go:321.91,323.2 1 0
github.com/andradeatdev/ai_contract_analyzer/api/backend/services/contract_service.go:325.97,327.2 1 0
github.com/andradeatdev/ai_contract_analyzer/api/backend/services/contract_service.go:329.87,331.16 2 0
github.com/andradeatdev/ai_contract_analyzer/api/backend/services/contract_service.go:331.16,333.3 1 0
github.com/andradeatdev/ai_contract_analyzer/api/backend/services/contract_service.go:334.2,335.32 2 0
github.com/andradeatdev/ai_contract_analyzer/api/backend/services/contract_service.go:338.90,340.2 1 0
github.com/andradeatdev/ai_contract_analyzer/api/backend/services/contract_service.go:342.70,344.16 2 0
github.com/andradeatdev/ai_contract_analyzer/api/backend/services/contract_service.go:344.16,346.3 1 0
github.com/andradeatdev/ai_contract_analyzer/api/backend/services/contract_service.go:347.2,347.29 1 0
github.com/andradeatdev/ai_contract_analyzer/api/backend/services/contract_service.go:347.29,349.83 1 0
github.com/andradeatdev/ai_contract_analyzer/api/backend/services/contract_service.go:349.83,352.4 1 0
github.com/andradeatdev/ai_contract_analyzer/api/backend/services/contract_service.go:354.2,354.34 1 0
github.com/andradeatdev/ai_contract_analyzer/api/backend/services/contract_service.go:357.66,359.2 1 0
github.com/andradeatdev/ai_contract_analyzer/api/backend/services/contract_service.go:361.63,363.2 1 0
github.com/andradeatdev/ai_contract_analyzer/api/backend/services/contract_service.go:371.74,373.16 2 1
github.com/andradeatdev/ai_contract_analyzer/api/backend/services/contract_service.go:373.16,375.3 1 0
github.com/andradeatdev/ai_contract_analyzer/api/backend/services/contract_service.go:377.2,381.30 2 1
github.com/andradeatdev/ai_contract_analyzer/api/backend/services/contract_service.go:381.30,383.29 2 1
github.com/andradeatdev/ai_contract_analyzer/api/backend/services/contract_service.go:383.29,384.28 1 1
github.com/andradeatdev/ai_contract_analyzer/api/backend/services/contract_service.go:384.28,386.5 1 1
github.com/andradeatdev/ai_contract_analyzer/api/backend/services/contract_service.go:390.2,390.19 1 1
github.com/andradeatdev/ai_contract_analyzer/api/backend/services/contract_service.go:402.77,404.16 2 0
github.com/andradeatdev/ai_contract_analyzer/api/backend/services/contract_service.go:404.16,406.3 1 0
github.com/andradeatdev/ai_contract_analyzer/api/backend/services/contract_service.go:408.2,409.16 2 0
github.com/andradeatdev/ai_contract_analyzer/api/backend/services/contract_service.go:409.16,411.3 1 0
github.com/andradeatdev/ai_contract_analyzer/api/backend/services/contract_service.go:413.2,415.30 2 0
github.com/andradeatdev/ai_contract_analyzer/api/backend/services/contract_service.go:415.30,424.3 1 0
github.com/andradeatdev/ai_contract_analyzer/api/backend/services/contract_service.go:426.2,426.29 1 0
github.com/andradeatdev/ai_contract_analyzer/api/backend/services/contract_service.go:426.29,427.23 1 0
github.com/andradeatdev/ai_contract_analyzer/api/backend/services/contract_service.go:427.23,429.24 2 0
github.com/andradeatdev/ai_contract_analyzer/api/backend/services/contract_service.go:429.24,431.5 1 0
github.com/andradeatdev/ai_contract_analyzer/api/backend/services/contract_service.go:434.4,435.32 2 0
github.com/andradeatdev/ai_contract_analyzer/api/backend/services/contract_service.go:435.32,436.29 1 0
github.com/andradeatdev/ai_contract_analyzer/api/backend/services/contract_service.go:436.29,438.11 2 0
github.com/andradeatdev/ai_contract_analyzer/api/backend/services/contract_service.go:442.4,449.6 1 0
github.com/andradeatdev/ai_contract_analyzer/api/backend/services/contract_service.go:454.2,454.40 1 0
github.com/andradeatdev/ai_contract_analyzer/api/backend/services/contract_service.go:454.40,456.3 1 0
github.com/andradeatdev/ai_contract_analyzer/api/backend/services/contract_service.go:458.2,458.21 1 0
github.com/andradeatdev/ai_contract_analyzer/api/backend/services/contract_service.go:458.21,460.3 1 0
github.com/andradeatdev/ai_contract_analyzer/api/backend/services/contract_service.go:462.2,462.19 1 0
github.com/andradeatdev/ai_contract_analyzer/api/backend/services/storage_adapters.go:20.105,21.55 1 0
github.com/andradeatdev/ai_contract_analyzer/api/backend/services/storage_adapters.go:21.55,23.3 1 0
github.com/andradeatdev/ai_contract_analyzer/api/backend/services/storage_adapters.go:25.2,28.59 3 0
github.com/andradeatdev/ai_contract_analyzer/api/backend/services/storage_adapters.go:28.59,30.3 1 0
github.com/andradeatdev/ai_contract_analyzer/api/backend/services/storage_adapters.go:32.2,32.22 1 0
github.com/andradeatdev/ai_contract_analyzer/api/backend/services/storage_adapters.go:35.90,38.2 1 0
github.com/andradeatdev/ai_contract_analyzer/api/backend/services/storage_adapters.go:40.78,42.2 1 0
github.com/andradeatdev/ai_contract_analyzer/api/backend/services/storage_adapters.go:49.103,55.16 3 0
github.com/andradeatdev/ai_contract_analyzer/api/backend/services/storage_adapters.go:55.16,57.3 1 0
github.com/andradeatdev/ai_contract_analyzer/api/backend/services/storage_adapters.go:59.2,65.16 6 0
github.com/andradeatdev/ai_contract_analyzer/api/backend/services/storage_adapters.go:65.16,67.3 1 0
github.com/andradeatdev/ai_contract_analyzer/api/backend/services/storage_adapters.go:68.2,68.15 1 0
github.com/andradeatdev/ai_contract_analyzer/api/backend/services/storage_adapters.go:68.15,68.40 1 0
github.com/andradeatdev/ai_contract_analyzer/api/backend/services/storage_adapters.go:70.2,70.79 1 0
github.com/andradeatdev/ai_contract_analyzer/api/backend/services/storage_adapters.go:70.79,73.3 2 0
github.com/andradeatdev/ai_contract_analyzer/api/backend/services/storage_adapters.go:75.2,78.67 2 0
github.com/andradeatdev/ai_contract_analyzer/api/backend/services/storage_adapters.go:78.67,80.3 1 0
github.com/andradeatdev/ai_contract_analyzer/api/backend/services/storage_adapters.go:82.2,82.24 1 0
github.com/andradeatdev/ai_contract_analyzer/api/backend/services/storage_adapters.go:85.87,87.16 2 0
github.com/andradeatdev/ai_contract_analyzer/api/backend/services/storage_adapters.go:87.16,89.3 1 0
github.com/andradeatdev/ai_contract_analyzer/api/backend/services/storage_adapters.go:91.2,95.16 4 0
github.com/andradeatdev/ai_contract_analyzer/api/backend/services/storage_adapters.go:95.16,97.3 1 0
github.com/andradeatdev/ai_contract_analyzer/api/backend/services/storage_adapters.go:98.2,98.15 1 0
github.com/andradeatdev/ai_contract_analyzer/api/backend/services/storage_adapters.go:98.15,98.40 1 0
github.com/andradeatdev/ai_contract_analyzer/api/backend/services/storage_adapters.go:100.2,100.38 1 0
github.com/andradeatdev/ai_contract_analyzer/api/backend/services/storage_adapters.go:100.38,102.3 1 0
github.com/andradeatdev/ai_contract_analyzer/api/backend/services/storage_adapters.go:104.2,104.30 1 0
github.com/andradeatdev/ai_contract_analyzer/api/backend/services/storage_adapters.go:107.75,109.16 2 0
github.com/andradeatdev/ai_contract_analyzer/api/backend/services/storage_adapters.go:109.16,111.3 1 0
github.com/andradeatdev/ai_contract_analyzer/api/backend/services/storage_adapters.go:113.2,117.16 4 0
github.com/andradeatdev/ai_contract_analyzer/api/backend/services/storage_adapters.go:117.16,119.3 1 0
github.com/andradeatdev/ai_contract_analyzer/api/backend/services/storage_adapters.go:120.2,120.15 1 0
github.com/andradeatdev/ai_contract_analyzer/api/backend/services/storage_adapters.go:120.15,120.40 1 0
github.com/andradeatdev/ai_contract_analyzer/api/backend/services/storage_adapters.go:122.2,122.81 1 0
github.com/andradeatdev/ai_contract_analyzer/api/backend/services/storage_adapters.go:122.81,124.3 1 0
github.com/andradeatdev/ai_contract_analyzer/api/backend/services/storage_adapters.go:126.2,126.12 1 0
github.com/andradeatdev/ai_contract_analyzer/api/backend/adapters/email_adapter.go:15.83,17.22 2 0
github.com/andradeatdev/ai_contract_analyzer/api/backend/adapters/email_adapter.go:17.22,19.3 1 0
github.com/andradeatdev/ai_contract_analyzer/api/backend/adapters/email_adapter.go:21.2,33.16 6 0
github.com/andradeatdev/ai_contract_analyzer/api/backend/adapters/email_adapter.go:33.16,35.3 1 0
github.com/andradeatdev/ai_contract_analyzer/api/backend/adapters/email_adapter.go:36.2,36.15 1 0
github.com/andradeatdev/ai_contract_analyzer/api/backend/adapters/email_adapter.go:36.15,36.40 1 0
github.com/andradeatdev/ai_contract_analyzer/api/backend/adapters/email_adapter.go:38.2,38.38 1 0
github.com/andradeatdev/ai_contract_analyzer/api/backend/adapters/email_adapter.go:38.38,41.3 2 0
github.com/andradeatdev/ai_contract_analyzer/api/backend/adapters/email_adapter.go:43.2,43.12 1 0
github.com/andradeatdev/ai_contract_analyzer/api/backend/app/app.go:19.28,25.57 5 0
github.com/andradeatdev/ai_contract_analyzer/api/backend/app/app.go:25.57,27.3 1 0
github.com/andradeatdev/ai_contract_analyzer/api/backend/app/app.go:29.2,38.45 7 0
github.com/andradeatdev/ai_contract_analyzer/api/backend/app/app.go:41.24,43.15 2 0
github.com/andradeatdev/ai_contract_analyzer/api/backend/app/app.go:43.15,45.3 1 0
github.com/andradeatdev/ai_contract_analyzer/api/backend/app/app.go:47.2,47.15 1 0
github.com/andradeatdev/ai_contract_analyzer/api/backend/app/app.go:47.15,57.3 2 0
github.com/andradeatdev/ai_contract_analyzer/api/backend/app/app.go:59.2,60.16 2 0
github.com/andradeatdev/ai_contract_analyzer/api/backend/app/app.go:60.16,62.3 1 0
github.com/andradeatdev/ai_contract_analyzer/api/backend/app/app.go:64.2,64.130 1 0
github.com/andradeatdev/ai_contract_analyzer/api/backend/app/app.go:64.130,66.3 1 0
github.com/andradeatdev/ai_contract_analyzer/api/backend/app/app.go:68.2,68.11 1 0
github.com/andradeatdev/ai_contract_analyzer/api/backend/app/app.go:71.41,73.21 2 0
github.com/andradeatdev/ai_contract_analyzer/api/backend/app/app.go:73.21,76.3 2 0
github.com/andradeatdev/ai_contract_analyzer/api/backend/app/app.go:78.2,79.32 2 0
github.com/andradeatdev/ai_contract_analyzer/api/backend/app/app.go:79.32,81.3 1 0
github.com/andradeatdev/ai_contract_analyzer/api/backend/app/app.go:82.2,83.60 2 0
github.com/andradeatdev/ai_contract_analyzer/api/backend/app/app.go:86.105,87.73 1 0
github.com/andradeatdev/ai_contract_analyzer/api/backend/app/app.go:87.73,89.3 1 0
github.com/andradeatdev/ai_contract_analyzer/api/backend/app/app.go:92.2,103.110 9 0
github.com/andradeatdev/ai_contract_analyzer/api/backend/app/app.go:103.110,105.3 1 0
github.com/andradeatdev/ai_contract_analyzer/api/backend/app/app.go:107.2,107.116 1 0
github.com/andradeatdev/ai_contract_analyzer/api/backend/app/app.go:107.116,109.3 1 0
github.com/andradeatdev/ai_contract_analyzer/api/backend/app/app.go:112.91,113.32 1 0
github.com/andradeatdev/ai_contract_analyzer/api/backend/app/app.go:113.32,115.3 1 0
github.com/andradeatdev/ai_contract_analyzer/api/backend/app/app.go:115.8,115.70 1 0
github.com/andradeatdev/ai_contract_analyzer/api/backend/app/app.go:115.70,117.3 1 0
github.com/andradeatdev/ai_contract_analyzer/api/backend/app/app.go:117.8,119.3 1 0
github.com/andradeatdev/ai_contract_analyzer/api/backend/app/app.go:122.96,124.51 2 0
github.com/andradeatdev/ai_contract_analyzer/api/backend/app/app.go:124.51,127.3 2 0
github.com/andradeatdev/ai_contract_analyzer/api/backend/app/app.go:129.2,129.46 1 0
github.com/andradeatdev/ai_contract_analyzer/api/backend/app/app.go:129.46,133.3 3 0
github.com/andradeatdev/ai_contract_analyzer/api/backend/app/app.go:135.2,135.63 1 0
github.com/andradeatdev/ai_contract_analyzer/api/backend/app/app.go:135.63,138.3 2 0
github.com/andradeatdev/ai_contract_analyzer/api/backend/app/app.go:140.2,141.72 2 0
github.com/andradeatdev/ai_contract_analyzer/api/backend/app/app.go:141.72,144.3 2 0
github.com/andradeatdev/ai_contract_analyzer/api/backend/app/app.go:146.2,146.75 1 0
github.com/andradeatdev/ai_contract_analyzer/api/backend/app/app.go:146.75,149.3 2 0
github.com/andradeatdev/ai_contract_analyzer/api/backend/app/app.go:151.2,151.76 1 0
github.com/andradeatdev/ai_contract_analyzer/api/backend/app/app.go:151.76,154.3 2 0
github.com/andradeatdev/ai_contract_analyzer/api/backend/app/app.go:156.2,156.73 1 0
github.com/andradeatdev/ai_contract_analyzer/api/backend/app/app.go:156.73,159.3 2 0
github.com/andradeatdev/ai_contract_analyzer/api/backend/app/app.go:161.2,161.66 1 0
github.com/andradeatdev/ai_contract_analyzer/api/backend/app/app.go:161.66,164.3 2 0
github.com/andradeatdev/ai_contract_analyzer/api/backend/app/app.go:166.2,166.18 1 0
github.com/andradeatdev/ai_contract_analyzer/api/backend/app/app.go:167.22,168.22 1 0
github.com/andradeatdev/ai_contract_analyzer/api/backend/app/app.go:169.40,170.21 1 0
github.com/andradeatdev/ai_contract_analyzer/api/backend/app/app.go:171.25,172.21 1 0
github.com/andradeatdev/ai_contract_analyzer/api/backend/app/app.go:173.10,174.67 1 0
github.com/andradeatdev/ai_contract_analyzer/api/backend/app/app.go:178.61,179.54 1 0
github.com/andradeatdev/ai_contract_analyzer/api/backend/app/app.go:179.54,184.28 4 0
github.com/andradeatdev/ai_contract_analyzer/api/backend/app/app.go:184.28,187.4 2 0
github.com/andradeatdev/ai_contract_analyzer/api/backend/app/app.go:189.3,189.13 1 0
github.com/andradeatdev/ai_contract_analyzer/api/backend/repositories/contract_repository.go:12.53,14.2 1 1
github.com/andradeatdev/ai_contract_analyzer/api/backend/repositories/contract_repository.go:16.66,18.2 1 1
github.com/andradeatdev/ai_contract_analyzer/api/backend/repositories/contract_repository.go:20.82,24.2 3 0
github.com/andradeatdev/ai_contract_analyzer/api/backend/repositories/contract_repository.go:26.88,30.2 3 0
github.com/andradeatdev/ai_contract_analyzer/api/backend/repositories/contract_repository.go:32.62,34.2 1 0
github.com/andradeatdev/ai_contract_analyzer/api/backend/repositories/contract_repository.go:36.65,42.16 3 0
github.com/andradeatdev/ai_contract_analyzer/api/backend/repositories/contract_repository.go:42.16,44.3 1 0
github.com/andradeatdev/ai_contract_analyzer/api/backend/repositories/contract_repository.go:45.2,45.33 1 0
github.com/andradeatdev/ai_contract_analyzer/api/backend/repositories/contract_repository.go:48.56,52.2 3 0
github.com/andradeatdev/ai_contract_analyzer/api/backend/repositories/contract_repository.go:54.75,56.2 1 0
github.com/andradeatdev/ai_contract_analyzer/api/backend/repositories/contract_repository.go:58.110,63.16 4 0
github.com/andradeatdev/ai_contract_analyzer/api/backend/repositories/contract_repository.go:63.16,65.3 1 0
github.com/andradeatdev/ai_contract_analyzer/api/backend/repositories/contract_repository.go:67.2,68.22 2 0
github.com/andradeatdev/ai_contract_analyzer/api/backend/repositories/contract_repository.go:71.71,75.2 3 1
github.com/andradeatdev/ai_contract_analyzer/api/backend/repositories/contract_repository.go:77.98,85.2 3 0
github.com/andradeatdev/ai_contract_analyzer/api/backend/repositories/contract_repository.go:87.65,89.52 2 0
github.com/andradeatdev/ai_contract_analyzer/api/backend/repositories/contract_repository.go:89.52,91.3 1 0
github.com/andradeatdev/ai_contract_analyzer/api/backend/repositories/contract_repository.go:92.2,92.19 1 0
github.com/andradeatdev/ai_contract_analyzer/api/backend/repositories/contract_repository.go:95.62,97.2 1 0
github.com/andradeatdev/ai_contract_analyzer/api/backend/repositories/contract_repository.go:99.62,101.2 1 1
github.com/andradeatdev/ai_contract_analyzer/api/backend/repositories/contract_repository.go:103.66,106.2 1 0
github.com/andradeatdev/ai_contract_analyzer/api/backend/repositories/contract_repository.go:108.61,110.2 1 0
github.com/andradeatdev/ai_contract_analyzer/api/backend/repositories/contract_repository.go:112.73,114.2 1 0
github.com/andradeatdev/ai_contract_analyzer/api/backend/repositories/contract_repository.go:116.77,118.74 2 1
github.com/andradeatdev/ai_contract_analyzer/api/backend/repositories/contract_repository.go:118.74,120.3 1 0
github.com/andradeatdev/ai_contract_analyzer/api/backend/repositories/contract_repository.go:121.2,121.19 1 1
github.com/andradeatdev/ai_contract_analyzer/api/backend/repositories/contract_repository.go:124.89,126.87 2 0
github.com/andradeatdev/ai_contract_analyzer/api/backend/repositories/contract_repository.go:126.87,128.3 1 0
github.com/andradeatdev/ai_contract_analyzer/api/backend/repositories/contract_repository.go:129.2,129.19 1 0
github.com/andradeatdev/ai_contract_analyzer/api/backend/repositories/contract_repository.go:132.52,135.16 3 0
github.com/andradeatdev/ai_contract_analyzer/api/backend/repositories/contract_repository.go:135.16,141.3 2 0
github.com/andradeatdev/ai_contract_analyzer/api/backend/repositories/contract_repository.go:142.2,142.12 1 0
github.com/andradeatdev/ai_contract_analyzer/api/pkg/ai/gemini.go:27.89,29.18 2 0
github.com/andradeatdev/ai_contract_analyzer/api/pkg/ai/gemini.go:29.18,31.3 1 0
github.com/andradeatdev/ai_contract_analyzer/api/pkg/ai/gemini.go:33.2,34.16 2 0
github.com/andradeatdev/ai_contract_analyzer/api/pkg/ai/gemini.go:34.16,36.3 1 0
github.com/andradeatdev/ai_contract_analyzer/api/pkg/ai/gemini.go:37.2,37.15 1 0
github.com/andradeatdev/ai_contract_analyzer/api/pkg/ai/gemini.go:37.15,37.37 1 0
github.com/andradeatdev/ai_contract_analyzer/api/pkg/ai/gemini.go:39.2,65.16 4 0
github.com/andradeatdev/ai_contract_analyzer/api/pkg/ai/gemini.go:65.16,67.3 1 0
github.com/andradeatdev/ai_contract_analyzer/api/pkg/ai/gemini.go:69.2,69.68 1 0
github.com/andradeatdev/ai_contract_analyzer/api/pkg/ai/gemini.go:69.68,71.3 1 0
github.com/andradeatdev/ai_contract_analyzer/api/pkg/ai/gemini.go:73.2,74.56 2 0
github.com/andradeatdev/ai_contract_analyzer/api/pkg/ai/gemini.go:74.56,75.40 1 0
github.com/andradeatdev/ai_contract_analyzer/api/pkg/ai/gemini.go:75.40,77.4 1 0
github.com/andradeatdev/ai_contract_analyzer/api/pkg/ai/gemini.go:80.2,84.71 4 0
github.com/andradeatdev/ai_contract_analyzer/api/pkg/ai/gemini.go:84.71,87.3 2 0
github.com/andradeatdev/ai_contract_analyzer/api/pkg/ai/gemini.go:89.2,89.23 1 0
github.com/andradeatdev/ai_contract_analyzer/api/pkg/ai/gemini.go:92.131,94.18 2 0
github.com/andradeatdev/ai_contract_analyzer/api/pkg/ai/gemini.go:94.18,96.3 1 0
github.com/andradeatdev/ai_contract_analyzer/api/pkg/ai/gemini.go:98.2,99.16 2 0
github.com/andradeatdev/ai_contract_analyzer/api/pkg/ai/gemini.go:99.16,101.3 1 0
github.com/andradeatdev/ai_contract_analyzer/api/pkg/ai/gemini.go:102.2,102.15 1 0
github.com/andradeatdev/ai_contract_analyzer/api/pkg/ai/gemini.go:102.15,102.37 1 0
github.com/andradeatdev/ai_contract_analyzer/api/pkg/ai/gemini.go:104.2,118.30 4 0
github.com/andradeatdev/ai_contract_analyzer/api/pkg/ai/gemini.go:118.30,120.3 1 0
github.com/andradeatdev/ai_contract_analyzer/api/pkg/ai/gemini.go:121.2,124.16 3 0
github.com/andradeatdev/ai_contract_analyzer/api/pkg/ai/gemini.go:124.16,126.3 1 0
github.com/andradeatdev/ai_contract_analyzer/api/pkg/ai/gemini.go:128.2,128.68 1 0
github.com/andradeatdev/ai_contract_analyzer/api/pkg/ai/gemini.go:128.68,130.3 1 0
github.com/andradeatdev/ai_contract_analyzer/api/pkg/ai/gemini.go:132.2,133.56 2 0
github.com/andradeatdev/ai_contract_analyzer/api/pkg/ai/gemini.go:133.56,134.40 1 0
github.com/andradeatdev/ai_contract_analyzer/api/pkg/ai/gemini.go:134.40,136.4 1 0
github.com/andradeatdev/ai_contract_analyzer/api/pkg/ai/gemini.go:139.2,139.26 1 0
github.com/andradeatdev/ai_contract_analyzer/api/pkg/ai/gemini.go:142.41,145.47 2 0
github.com/andradeatdev/ai_contract_analyzer/api/pkg/ai/gemini.go:145.47,147.44 2 0
github.com/andradeatdev/ai_contract_analyzer/api/pkg/ai/gemini.go:147.44,149.4 1 0
github.com/andradeatdev/ai_contract_analyzer/api/pkg/ai/gemini.go:150.8,150.50 1 0
github.com/andradeatdev/ai_contract_analyzer/api/pkg/ai/gemini.go:150.50,152.44 2 0
github.com/andradeatdev/ai_contract_analyzer/api/pkg/ai/gemini.go:152.44,154.4 1 0
github.com/andradeatdev/ai_contract_analyzer/api/pkg/ai/gemini.go:157.2,160.46 3 0
github.com/andradeatdev/ai_contract_analyzer/api/pkg/ai/gemini.go:160.46,162.3 1 0
github.com/andradeatdev/ai_contract_analyzer/api/pkg/ai/gemini.go:163.2,163.44 1 0
