mode: set
github.com/andradeatdev/ai_contract_analyzer/api/pkg/pdf/pdf.go:10.47,15.16 4 1
github.com/andradeatdev/ai_contract_analyzer/api/pkg/pdf/pdf.go:15.16,17.3 1 1
github.com/andradeatdev/ai_contract_analyzer/api/pkg/pdf/pdf.go:19.2,20.16 2 0
github.com/andradeatdev/ai_contract_analyzer/api/pkg/pdf/pdf.go:20.16,22.3 1 0
github.com/andradeatdev/ai_contract_analyzer/api/pkg/pdf/pdf.go:24.2,26.16 3 0
github.com/andradeatdev/ai_contract_analyzer/api/pkg/pdf/pdf.go:26.16,28.3 1 0
github.com/andradeatdev/ai_contract_analyzer/api/pkg/pdf/pdf.go:30.2,30.26 1 0
github.com/andradeatdev/ai_contract_analyzer/api/backend/adapters/email_adapter.go:15.83,17.22 2 0
github.com/andradeatdev/ai_contract_analyzer/api/backend/adapters/email_adapter.go:17.22,19.3 1 0
github.com/andradeatdev/ai_contract_analyzer/api/backend/adapters/email_adapter.go:21.2,33.16 6 0
github.com/andradeatdev/ai_contract_analyzer/api/backend/adapters/email_adapter.go:33.16,35.3 1 0
github.com/andradeatdev/ai_contract_analyzer/api/backend/adapters/email_adapter.go:36.2,36.15 1 0
github.com/andradeatdev/ai_contract_analyzer/api/backend/adapters/email_adapter.go:36.15,36.40 1 0
github.com/andradeatdev/ai_contract_analyzer/api/backend/adapters/email_adapter.go:38.2,38.38 1 0
github.com/andradeatdev/ai_contract_analyzer/api/backend/adapters/email_adapter.go:38.38,41.3 2 0
github.com/andradeatdev/ai_contract_analyzer/api/backend/adapters/email_adapter.go:43.2,43.12 1 0
github.com/andradeatdev/ai_contract_analyzer/api/backend/handlers/auth_handler.go:14.65,16.2 1 1
github.com/andradeatdev/ai_contract_analyzer/api/backend/handlers/auth_handler.go:18.72,19.33 1 1
github.com/andradeatdev/ai_contract_analyzer/api/backend/handlers/auth_handler.go:19.33,22.3 2 1
github.com/andradeatdev/ai_contract_analyzer/api/backend/handlers/auth_handler.go:24.2,30.61 2 1
github.com/andradeatdev/ai_contract_analyzer/api/backend/handlers/auth_handler.go:30.61,33.3 2 0
github.com/andradeatdev/ai_contract_analyzer/api/backend/handlers/auth_handler.go:35.2,35.61 1 1
github.com/andradeatdev/ai_contract_analyzer/api/backend/handlers/auth_handler.go:35.61,38.3 2 1
github.com/andradeatdev/ai_contract_analyzer/api/backend/handlers/auth_handler.go:40.2,41.16 2 1
github.com/andradeatdev/ai_contract_analyzer/api/backend/handlers/auth_handler.go:41.16,44.3 2 0
github.com/andradeatdev/ai_contract_analyzer/api/backend/handlers/auth_handler.go:46.2,46.47 1 1
github.com/andradeatdev/ai_contract_analyzer/api/backend/handlers/auth_handler.go:49.69,50.33 1 1
github.com/andradeatdev/ai_contract_analyzer/api/backend/handlers/auth_handler.go:50.33,53.3 2 0
github.com/andradeatdev/ai_contract_analyzer/api/backend/handlers/auth_handler.go:55.2,60.61 2 1
github.com/andradeatdev/ai_contract_analyzer/api/backend/handlers/auth_handler.go:60.61,63.3 2 1
github.com/andradeatdev/ai_contract_analyzer/api/backend/handlers/auth_handler.go:65.2,66.16 2 1
github.com/andradeatdev/ai_contract_analyzer/api/backend/handlers/auth_handler.go:66.16,69.3 2 1
github.com/andradeatdev/ai_contract_analyzer/api/backend/handlers/auth_handler.go:71.2,71.71 1 1
github.com/andradeatdev/ai_contract_analyzer/api/backend/handlers/auth_handler.go:74.75,75.33 1 1
github.com/andradeatdev/ai_contract_analyzer/api/backend/handlers/auth_handler.go:75.33,78.3 2 0
github.com/andradeatdev/ai_contract_analyzer/api/backend/handlers/auth_handler.go:80.2,85.61 2 1
github.com/andradeatdev/ai_contract_analyzer/api/backend/handlers/auth_handler.go:85.61,88.3 2 0
github.com/andradeatdev/ai_contract_analyzer/api/backend/handlers/auth_handler.go:90.2,90.39 1 1
github.com/andradeatdev/ai_contract_analyzer/api/backend/handlers/auth_handler.go:90.39,93.3 2 1
github.com/andradeatdev/ai_contract_analyzer/api/backend/handlers/auth_handler.go:95.2,96.16 2 1
github.com/andradeatdev/ai_contract_analyzer/api/backend/handlers/auth_handler.go:96.16,99.3 2 0
github.com/andradeatdev/ai_contract_analyzer/api/backend/handlers/auth_handler.go:101.2,101.115 1 1
github.com/andradeatdev/ai_contract_analyzer/api/backend/handlers/auth_handler.go:104.86,105.33 1 1
github.com/andradeatdev/ai_contract_analyzer/api/backend/handlers/auth_handler.go:105.33,108.3 2 0
github.com/andradeatdev/ai_contract_analyzer/api/backend/handlers/auth_handler.go:110.2,114.61 2 1
github.com/andradeatdev/ai_contract_analyzer/api/backend/handlers/auth_handler.go:114.61,117.3 2 0
github.com/andradeatdev/ai_contract_analyzer/api/backend/handlers/auth_handler.go:119.2,119.21 1 1
github.com/andradeatdev/ai_contract_analyzer/api/backend/handlers/auth_handler.go:119.21,122.3 2 1
github.com/andradeatdev/ai_contract_analyzer/api/backend/handlers/auth_handler.go:124.2,125.16 2 1
github.com/andradeatdev/ai_contract_analyzer/api/backend/handlers/auth_handler.go:125.16,128.3 2 0
github.com/andradeatdev/ai_contract_analyzer/api/backend/handlers/auth_handler.go:130.2,130.99 1 1
github.com/andradeatdev/ai_contract_analyzer/api/backend/handlers/contract_handler.go:17.77,19.2 1 1
github.com/andradeatdev/ai_contract_analyzer/api/backend/handlers/contract_handler.go:21.74,23.33 2 0
github.com/andradeatdev/ai_contract_analyzer/api/backend/handlers/contract_handler.go:23.33,26.3 2 0
github.com/andradeatdev/ai_contract_analyzer/api/backend/handlers/contract_handler.go:28.2,29.9 2 0
github.com/andradeatdev/ai_contract_analyzer/api/backend/handlers/contract_handler.go:29.9,32.3 2 0
github.com/andradeatdev/ai_contract_analyzer/api/backend/handlers/contract_handler.go:36.2,39.16 3 0
github.com/andradeatdev/ai_contract_analyzer/api/backend/handlers/contract_handler.go:39.16,41.52 2 0
github.com/andradeatdev/ai_contract_analyzer/api/backend/handlers/contract_handler.go:41.52,43.4 1 0
github.com/andradeatdev/ai_contract_analyzer/api/backend/handlers/contract_handler.go:43.9,45.4 1 0
github.com/andradeatdev/ai_contract_analyzer/api/backend/handlers/contract_handler.go:46.3,46.9 1 0
github.com/andradeatdev/ai_contract_analyzer/api/backend/handlers/contract_handler.go:48.2,48.15 1 0
github.com/andradeatdev/ai_contract_analyzer/api/backend/handlers/contract_handler.go:48.15,48.35 1 0
github.com/andradeatdev/ai_contract_analyzer/api/backend/handlers/contract_handler.go:50.2,50.32 1 0
github.com/andradeatdev/ai_contract_analyzer/api/backend/handlers/contract_handler.go:50.32,53.3 2 0
github.com/andradeatdev/ai_contract_analyzer/api/backend/handlers/contract_handler.go:55.2,56.16 2 0
github.com/andradeatdev/ai_contract_analyzer/api/backend/handlers/contract_handler.go:56.16,60.3 3 0
github.com/andradeatdev/ai_contract_analyzer/api/backend/handlers/contract_handler.go:62.2,63.16 2 0
github.com/andradeatdev/ai_contract_analyzer/api/backend/handlers/contract_handler.go:63.16,67.3 3 0
github.com/andradeatdev/ai_contract_analyzer/api/backend/handlers/contract_handler.go:69.2,69.46 1 0
github.com/andradeatdev/ai_contract_analyzer/api/backend/handlers/contract_handler.go:72.72,73.33 1 0
github.com/andradeatdev/ai_contract_analyzer/api/backend/handlers/contract_handler.go:73.33,76.3 2 0
github.com/andradeatdev/ai_contract_analyzer/api/backend/handlers/contract_handler.go:78.2,79.9 2 0
github.com/andradeatdev/ai_contract_analyzer/api/backend/handlers/contract_handler.go:79.9,82.3 2 0
github.com/andradeatdev/ai_contract_analyzer/api/backend/handlers/contract_handler.go:84.2,89.61 2 0
github.com/andradeatdev/ai_contract_analyzer/api/backend/handlers/contract_handler.go:89.61,92.3 2 0
github.com/andradeatdev/ai_contract_analyzer/api/backend/handlers/contract_handler.go:94.2,95.16 2 0
github.com/andradeatdev/ai_contract_analyzer/api/backend/handlers/contract_handler.go:95.16,98.3 2 0
github.com/andradeatdev/ai_contract_analyzer/api/backend/handlers/contract_handler.go:100.2,100.73 1 0
github.com/andradeatdev/ai_contract_analyzer/api/backend/handlers/contract_handler.go:103.72,104.32 1 1
github.com/andradeatdev/ai_contract_analyzer/api/backend/handlers/contract_handler.go:104.32,107.3 2 0
github.com/andradeatdev/ai_contract_analyzer/api/backend/handlers/contract_handler.go:109.2,110.9 2 1
github.com/andradeatdev/ai_contract_analyzer/api/backend/handlers/contract_handler.go:110.9,113.3 2 1
github.com/andradeatdev/ai_contract_analyzer/api/backend/handlers/contract_handler.go:115.2,116.16 2 1
github.com/andradeatdev/ai_contract_analyzer/api/backend/handlers/contract_handler.go:116.16,119.3 2 0
github.com/andradeatdev/ai_contract_analyzer/api/backend/handlers/contract_handler.go:121.2,121.47 1 1
github.com/andradeatdev/ai_contract_analyzer/api/backend/handlers/contract_handler.go:124.78,125.33 1 0
github.com/andradeatdev/ai_contract_analyzer/api/backend/handlers/contract_handler.go:125.33,128.3 2 0
github.com/andradeatdev/ai_contract_analyzer/api/backend/handlers/contract_handler.go:130.2,131.9 2 0
github.com/andradeatdev/ai_contract_analyzer/api/backend/handlers/contract_handler.go:131.9,134.3 2 0
github.com/andradeatdev/ai_contract_analyzer/api/backend/handlers/contract_handler.go:136.2,143.61 2 0
github.com/andradeatdev/ai_contract_analyzer/api/backend/handlers/contract_handler.go:143.61,146.3 2 0
github.com/andradeatdev/ai_contract_analyzer/api/backend/handlers/contract_handler.go:148.2,149.16 2 0
github.com/andradeatdev/ai_contract_analyzer/api/backend/handlers/contract_handler.go:149.16,152.3 2 0
github.com/andradeatdev/ai_contract_analyzer/api/backend/handlers/contract_handler.go:154.2,154.42 1 0
github.com/andradeatdev/ai_contract_analyzer/api/backend/handlers/contract_handler.go:157.87,158.35 1 0
github.com/andradeatdev/ai_contract_analyzer/api/backend/handlers/contract_handler.go:158.35,161.3 2 0
github.com/andradeatdev/ai_contract_analyzer/api/backend/handlers/contract_handler.go:163.2,164.9 2 0
github.com/andradeatdev/ai_contract_analyzer/api/backend/handlers/contract_handler.go:164.9,167.3 2 0
github.com/andradeatdev/ai_contract_analyzer/api/backend/handlers/contract_handler.go:169.2,169.57 1 0
github.com/andradeatdev/ai_contract_analyzer/api/backend/handlers/contract_handler.go:169.57,172.3 2 0
github.com/andradeatdev/ai_contract_analyzer/api/backend/handlers/contract_handler.go:174.2,174.37 1 0
github.com/andradeatdev/ai_contract_analyzer/api/backend/handlers/contract_handler.go:177.84,178.32 1 0
github.com/andradeatdev/ai_contract_analyzer/api/backend/handlers/contract_handler.go:178.32,181.3 2 0
github.com/andradeatdev/ai_contract_analyzer/api/backend/handlers/contract_handler.go:183.2,184.9 2 0
github.com/andradeatdev/ai_contract_analyzer/api/backend/handlers/contract_handler.go:184.9,187.3 2 0
github.com/andradeatdev/ai_contract_analyzer/api/backend/handlers/contract_handler.go:189.2,190.16 2 0
github.com/andradeatdev/ai_contract_analyzer/api/backend/handlers/contract_handler.go:190.16,193.3 2 0
github.com/andradeatdev/ai_contract_analyzer/api/backend/handlers/contract_handler.go:195.2,195.46 1 0
github.com/andradeatdev/ai_contract_analyzer/api/backend/handlers/contract_handler.go:198.86,199.33 1 0
github.com/andradeatdev/ai_contract_analyzer/api/backend/handlers/contract_handler.go:199.33,202.3 2 0
github.com/andradeatdev/ai_contract_analyzer/api/backend/handlers/contract_handler.go:204.2,205.9 2 0
github.com/andradeatdev/ai_contract_analyzer/api/backend/handlers/contract_handler.go:205.9,208.3 2 0
github.com/andradeatdev/ai_contract_analyzer/api/backend/handlers/contract_handler.go:210.2,211.16 2 0
github.com/andradeatdev/ai_contract_analyzer/api/backend/handlers/contract_handler.go:211.16,215.3 3 0
github.com/andradeatdev/ai_contract_analyzer/api/backend/handlers/contract_handler.go:217.2,217.46 1 0
github.com/andradeatdev/ai_contract_analyzer/api/backend/handlers/contract_handler.go:220.91,222.9 2 0
github.com/andradeatdev/ai_contract_analyzer/api/backend/handlers/contract_handler.go:222.9,225.3 2 0
github.com/andradeatdev/ai_contract_analyzer/api/backend/handlers/contract_handler.go:227.2,228.16 2 0
github.com/andradeatdev/ai_contract_analyzer/api/backend/handlers/contract_handler.go:228.16,231.3 2 0
github.com/andradeatdev/ai_contract_analyzer/api/backend/handlers/contract_handler.go:233.2,235.33 3 0
github.com/andradeatdev/ai_contract_analyzer/api/backend/handlers/contract_handler.go:238.90,239.32 1 0
github.com/andradeatdev/ai_contract_analyzer/api/backend/handlers/contract_handler.go:239.32,242.3 2 0
github.com/andradeatdev/ai_contract_analyzer/api/backend/handlers/contract_handler.go:244.2,245.9 2 0
github.com/andradeatdev/ai_contract_analyzer/api/backend/handlers/contract_handler.go:245.9,248.3 2 0
github.com/andradeatdev/ai_contract_analyzer/api/backend/handlers/contract_handler.go:250.2,252.16 3 0
github.com/andradeatdev/ai_contract_analyzer/api/backend/handlers/contract_handler.go:252.16,256.3 3 0
github.com/andradeatdev/ai_contract_analyzer/api/backend/handlers/contract_handler.go:258.2,258.46 1 0
github.com/andradeatdev/ai_contract_analyzer/api/backend/handlers/contract_handler.go:261.83,262.64 1 0
github.com/andradeatdev/ai_contract_analyzer/api/backend/handlers/contract_handler.go:262.64,265.3 2 0
github.com/andradeatdev/ai_contract_analyzer/api/backend/handlers/contract_handler.go:267.2,268.9 2 0
github.com/andradeatdev/ai_contract_analyzer/api/backend/handlers/contract_handler.go:268.9,271.3 2 0
github.com/andradeatdev/ai_contract_analyzer/api/backend/handlers/contract_handler.go:273.2,276.61 2 0
github.com/andradeatdev/ai_contract_analyzer/api/backend/handlers/contract_handler.go:276.61,279.3 2 0
github.com/andradeatdev/ai_contract_analyzer/api/backend/handlers/contract_handler.go:281.2,281.75 1 0
github.com/andradeatdev/ai_contract_analyzer/api/backend/handlers/contract_handler.go:281.75,284.3 2 0
github.com/andradeatdev/ai_contract_analyzer/api/backend/handlers/contract_handler.go:286.2,286.37 1 0
github.com/andradeatdev/ai_contract_analyzer/api/backend/handlers/contract_handler.go:289.83,290.35 1 0
github.com/andradeatdev/ai_contract_analyzer/api/backend/handlers/contract_handler.go:290.35,293.3 2 0
github.com/andradeatdev/ai_contract_analyzer/api/backend/handlers/contract_handler.go:295.2,296.9 2 0
github.com/andradeatdev/ai_contract_analyzer/api/backend/handlers/contract_handler.go:296.9,299.3 2 0
github.com/andradeatdev/ai_contract_analyzer/api/backend/handlers/contract_handler.go:301.2,301.61 1 0
github.com/andradeatdev/ai_contract_analyzer/api/backend/handlers/contract_handler.go:301.61,304.3 2 0
github.com/andradeatdev/ai_contract_analyzer/api/backend/handlers/contract_handler.go:306.2,306.37 1 0
github.com/andradeatdev/ai_contract_analyzer/api/backend/handlers/contract_handler.go:309.85,311.9 2 0
github.com/andradeatdev/ai_contract_analyzer/api/backend/handlers/contract_handler.go:311.9,314.3 2 0
github.com/andradeatdev/ai_contract_analyzer/api/backend/handlers/contract_handler.go:316.2,317.16 2 0
github.com/andradeatdev/ai_contract_analyzer/api/backend/handlers/contract_handler.go:317.16,320.3 2 0
github.com/andradeatdev/ai_contract_analyzer/api/backend/handlers/contract_handler.go:322.2,322.29 1 0
github.com/andradeatdev/ai_contract_analyzer/api/backend/handlers/contract_handler.go:322.29,325.3 2 0
github.com/andradeatdev/ai_contract_analyzer/api/backend/handlers/contract_handler.go:328.2,329.16 2 0
github.com/andradeatdev/ai_contract_analyzer/api/backend/handlers/contract_handler.go:329.16,333.3 3 0
github.com/andradeatdev/ai_contract_analyzer/api/backend/handlers/contract_handler.go:335.2,337.22 3 0
github.com/andradeatdev/ai_contract_analyzer/api/backend/handlers/contract_handler.go:340.75,341.32 1 0
github.com/andradeatdev/ai_contract_analyzer/api/backend/handlers/contract_handler.go:341.32,344.3 2 0
github.com/andradeatdev/ai_contract_analyzer/api/backend/handlers/contract_handler.go:346.2,347.9 2 0
github.com/andradeatdev/ai_contract_analyzer/api/backend/handlers/contract_handler.go:347.9,350.3 2 0
github.com/andradeatdev/ai_contract_analyzer/api/backend/handlers/contract_handler.go:352.2,353.16 2 0
github.com/andradeatdev/ai_contract_analyzer/api/backend/handlers/contract_handler.go:353.16,356.3 2 0
github.com/andradeatdev/ai_contract_analyzer/api/backend/handlers/contract_handler.go:358.2,358.42 1 0
github.com/andradeatdev/ai_contract_analyzer/api/backend/handlers/contract_handler.go:361.78,362.63 1 0
github.com/andradeatdev/ai_contract_analyzer/api/backend/handlers/contract_handler.go:362.63,365.3 2 0
github.com/andradeatdev/ai_contract_analyzer/api/backend/handlers/contract_handler.go:367.2,368.9 2 0
github.com/andradeatdev/ai_contract_analyzer/api/backend/handlers/contract_handler.go:368.9,371.3 2 0
github.com/andradeatdev/ai_contract_analyzer/api/backend/handlers/contract_handler.go:373.2,374.61 2 0
github.com/andradeatdev/ai_contract_analyzer/api/backend/handlers/contract_handler.go:374.61,377.3 2 0
github.com/andradeatdev/ai_contract_analyzer/api/backend/handlers/contract_handler.go:379.2,380.51 2 0
github.com/andradeatdev/ai_contract_analyzer/api/backend/handlers/contract_handler.go:380.51,383.3 2 0
github.com/andradeatdev/ai_contract_analyzer/api/backend/handlers/contract_handler.go:385.2,385.41 1 0
github.com/andradeatdev/ai_contract_analyzer/api/backend/handlers/contract_handler.go:388.76,389.32 1 1
github.com/andradeatdev/ai_contract_analyzer/api/backend/handlers/contract_handler.go:389.32,392.3 2 0
github.com/andradeatdev/ai_contract_analyzer/api/backend/handlers/contract_handler.go:394.2,395.9 2 1
github.com/andradeatdev/ai_contract_analyzer/api/backend/handlers/contract_handler.go:395.9,398.3 2 0
github.com/andradeatdev/ai_contract_analyzer/api/backend/handlers/contract_handler.go:400.2,401.16 2 1
github.com/andradeatdev/ai_contract_analyzer/api/backend/handlers/contract_handler.go:401.16,404.3 2 0
github.com/andradeatdev/ai_contract_analyzer/api/backend/handlers/contract_handler.go:406.2,406.46 1 1
github.com/andradeatdev/ai_contract_analyzer/api/backend/handlers/contract_handler.go:409.73,410.32 1 1
github.com/andradeatdev/ai_contract_analyzer/api/backend/handlers/contract_handler.go:410.32,413.3 2 0
github.com/andradeatdev/ai_contract_analyzer/api/backend/handlers/contract_handler.go:415.2,416.9 2 1
github.com/andradeatdev/ai_contract_analyzer/api/backend/handlers/contract_handler.go:416.9,419.3 2 0
github.com/andradeatdev/ai_contract_analyzer/api/backend/handlers/contract_handler.go:421.2,422.16 2 1
github.com/andradeatdev/ai_contract_analyzer/api/backend/handlers/contract_handler.go:422.16,425.3 2 0
github.com/andradeatdev/ai_contract_analyzer/api/backend/handlers/contract_handler.go:427.2,427.43 1 1
github.com/andradeatdev/ai_contract_analyzer/api/backend/handlers/logger.go:12.13,15.68 2 1
github.com/andradeatdev/ai_contract_analyzer/api/backend/handlers/logger.go:15.68,17.3 1 0
github.com/andradeatdev/ai_contract_analyzer/api/backend/handlers/logger.go:17.8,19.3 1 1
github.com/andradeatdev/ai_contract_analyzer/api/backend/handlers/logger.go:20.2,20.28 1 1
github.com/andradeatdev/ai_contract_analyzer/api/backend/handlers/logger.go:29.49,30.20 1 0
github.com/andradeatdev/ai_contract_analyzer/api/backend/handlers/logger.go:30.20,32.3 1 0
github.com/andradeatdev/ai_contract_analyzer/api/backend/handlers/logger.go:33.2,35.37 3 0
github.com/andradeatdev/ai_contract_analyzer/api/backend/handlers/logger.go:38.56,39.21 1 0
github.com/andradeatdev/ai_contract_analyzer/api/backend/handlers/logger.go:39.21,41.3 1 0
github.com/andradeatdev/ai_contract_analyzer/api/backend/handlers/logger.go:42.2,42.35 1 0
github.com/andradeatdev/ai_contract_analyzer/api/backend/handlers/logger.go:46.61,47.71 1 0
github.com/andradeatdev/ai_contract_analyzer/api/backend/handlers/logger.go:47.71,68.60 6 0
github.com/andradeatdev/ai_contract_analyzer/api/backend/handlers/logger.go:68.60,70.4 1 0
github.com/andradeatdev/ai_contract_analyzer/api/backend/handlers/logger.go:73.3,73.59 1 0
github.com/andradeatdev/ai_contract_analyzer/api/backend/handlers/logger.go:73.59,75.4 1 0
github.com/andradeatdev/ai_contract_analyzer/api/backend/handlers/logger.go:77.3,78.23 2 0
github.com/andradeatdev/ai_contract_analyzer/api/backend/handlers/logger.go:78.23,80.4 1 0
github.com/andradeatdev/ai_contract_analyzer/api/backend/handlers/logger.go:80.9,80.30 1 0
github.com/andradeatdev/ai_contract_analyzer/api/backend/handlers/logger.go:80.30,82.4 1 0
github.com/andradeatdev/ai_contract_analyzer/api/backend/handlers/logger.go:84.3,84.69 1 0
github.com/andradeatdev/ai_contract_analyzer/api/backend/handlers/middleware.go:17.61,18.54 1 0
github.com/andradeatdev/ai_contract_analyzer/api/backend/handlers/middleware.go:18.54,20.23 2 0
github.com/andradeatdev/ai_contract_analyzer/api/backend/handlers/middleware.go:20.23,23.4 2 0
github.com/andradeatdev/ai_contract_analyzer/api/backend/handlers/middleware.go:25.3,26.46 2 0
github.com/andradeatdev/ai_contract_analyzer/api/backend/handlers/middleware.go:26.46,29.4 2 0
github.com/andradeatdev/ai_contract_analyzer/api/backend/handlers/middleware.go:31.3,33.22 3 0
github.com/andradeatdev/ai_contract_analyzer/api/backend/handlers/middleware.go:33.22,35.4 1 0
github.com/andradeatdev/ai_contract_analyzer/api/backend/handlers/middleware.go:37.3,37.84 1 0
github.com/andradeatdev/ai_contract_analyzer/api/backend/handlers/middleware.go:37.84,38.59 1 0
github.com/andradeatdev/ai_contract_analyzer/api/backend/handlers/middleware.go:38.59,40.5 1 0
github.com/andradeatdev/ai_contract_analyzer/api/backend/handlers/middleware.go:41.4,41.33 1 0
github.com/andradeatdev/ai_contract_analyzer/api/backend/handlers/middleware.go:44.3,44.33 1 0
github.com/andradeatdev/ai_contract_analyzer/api/backend/handlers/middleware.go:44.33,47.4 2 0
github.com/andradeatdev/ai_contract_analyzer/api/backend/handlers/middleware.go:49.3,50.10 2 0
github.com/andradeatdev/ai_contract_analyzer/api/backend/handlers/middleware.go:50.10,53.4 2 0
github.com/andradeatdev/ai_contract_analyzer/api/backend/handlers/middleware.go:55.3,56.10 2 0
github.com/andradeatdev/ai_contract_analyzer/api/backend/handlers/middleware.go:56.10,59.4 2 0
github.com/andradeatdev/ai_contract_analyzer/api/backend/handlers/middleware.go:61.3,63.30 3 0
github.com/andradeatdev/ai_contract_analyzer/api/backend/handlers/response.go:9.69,13.2 3 1
github.com/andradeatdev/ai_contract_analyzer/api/backend/handlers/response.go:16.74,20.2 3 1
github.com/andradeatdev/ai_contract_analyzer/api/backend/repositories/contract_repository.go:14.53,16.2 1 1
github.com/andradeatdev/ai_contract_analyzer/api/backend/repositories/contract_repository.go:18.66,20.2 1 1
github.com/andradeatdev/ai_contract_analyzer/api/backend/repositories/contract_repository.go:22.82,26.2 3 0
github.com/andradeatdev/ai_contract_analyzer/api/backend/repositories/contract_repository.go:28.88,32.2 3 0
github.com/andradeatdev/ai_contract_analyzer/api/backend/repositories/contract_repository.go:34.62,36.2 1 0
github.com/andradeatdev/ai_contract_analyzer/api/backend/repositories/contract_repository.go:38.65,44.16 3 0
github.com/andradeatdev/ai_contract_analyzer/api/backend/repositories/contract_repository.go:44.16,46.3 1 0
github.com/andradeatdev/ai_contract_analyzer/api/backend/repositories/contract_repository.go:47.2,47.33 1 0
github.com/andradeatdev/ai_contract_analyzer/api/backend/repositories/contract_repository.go:50.56,54.2 3 0
github.com/andradeatdev/ai_contract_analyzer/api/backend/repositories/contract_repository.go:56.75,58.2 1 0
github.com/andradeatdev/ai_contract_analyzer/api/backend/repositories/contract_repository.go:60.110,65.16 4 0
github.com/andradeatdev/ai_contract_analyzer/api/backend/repositories/contract_repository.go:65.16,67.3 1 0
github.com/andradeatdev/ai_contract_analyzer/api/backend/repositories/contract_repository.go:69.2,70.22 2 0
github.com/andradeatdev/ai_contract_analyzer/api/backend/repositories/contract_repository.go:73.71,77.2 3 1
github.com/andradeatdev/ai_contract_analyzer/api/backend/repositories/contract_repository.go:79.98,87.2 3 0
github.com/andradeatdev/ai_contract_analyzer/api/backend/repositories/contract_repository.go:89.65,91.52 2 0
github.com/andradeatdev/ai_contract_analyzer/api/backend/repositories/contract_repository.go:91.52,93.3 1 0
github.com/andradeatdev/ai_contract_analyzer/api/backend/repositories/contract_repository.go:94.2,94.19 1 0
github.com/andradeatdev/ai_contract_analyzer/api/backend/repositories/contract_repository.go:97.62,99.2 1 0
github.com/andradeatdev/ai_contract_analyzer/api/backend/repositories/contract_repository.go:101.62,103.2 1 1
github.com/andradeatdev/ai_contract_analyzer/api/backend/repositories/contract_repository.go:105.66,108.2 1 0
github.com/andradeatdev/ai_contract_analyzer/api/backend/repositories/contract_repository.go:110.61,112.2 1 0
github.com/andradeatdev/ai_contract_analyzer/api/backend/repositories/contract_repository.go:114.73,116.2 1 0
github.com/andradeatdev/ai_contract_analyzer/api/backend/repositories/contract_repository.go:118.76,119.22 1 0
github.com/andradeatdev/ai_contract_analyzer/api/backend/repositories/contract_repository.go:119.22,121.3 1 0
github.com/andradeatdev/ai_contract_analyzer/api/backend/repositories/contract_repository.go:122.2,122.35 1 0
github.com/andradeatdev/ai_contract_analyzer/api/backend/repositories/contract_repository.go:125.74,127.2 1 0
github.com/andradeatdev/ai_contract_analyzer/api/backend/repositories/contract_repository.go:129.127,142.2 3 0
github.com/andradeatdev/ai_contract_analyzer/api/backend/repositories/contract_repository.go:144.77,146.74 2 1
github.com/andradeatdev/ai_contract_analyzer/api/backend/repositories/contract_repository.go:146.74,148.3 1 0
github.com/andradeatdev/ai_contract_analyzer/api/backend/repositories/contract_repository.go:149.2,149.19 1 1
github.com/andradeatdev/ai_contract_analyzer/api/backend/repositories/contract_repository.go:152.89,154.87 2 0
github.com/andradeatdev/ai_contract_analyzer/api/backend/repositories/contract_repository.go:154.87,156.3 1 0
github.com/andradeatdev/ai_contract_analyzer/api/backend/repositories/contract_repository.go:157.2,157.19 1 0
github.com/andradeatdev/ai_contract_analyzer/api/backend/repositories/contract_repository.go:160.52,163.16 3 0
github.com/andradeatdev/ai_contract_analyzer/api/backend/repositories/contract_repository.go:163.16,169.3 2 0
github.com/andradeatdev/ai_contract_analyzer/api/backend/repositories/contract_repository.go:170.2,170.12 1 0
github.com/andradeatdev/ai_contract_analyzer/api/backend/services/auth_service.go:22.83,24.2 1 1
github.com/andradeatdev/ai_contract_analyzer/api/backend/services/auth_service.go:26.84,29.21 2 1
github.com/andradeatdev/ai_contract_analyzer/api/backend/services/auth_service.go:29.21,30.29 1 1
github.com/andradeatdev/ai_contract_analyzer/api/backend/services/auth_service.go:30.29,32.4 1 1
github.com/andradeatdev/ai_contract_analyzer/api/backend/services/auth_service.go:36.3,36.72 1 1
github.com/andradeatdev/ai_contract_analyzer/api/backend/services/auth_service.go:36.72,39.4 2 1
github.com/andradeatdev/ai_contract_analyzer/api/backend/services/auth_service.go:42.3,43.17 2 1
github.com/andradeatdev/ai_contract_analyzer/api/backend/services/auth_service.go:43.17,45.4 1 0
github.com/andradeatdev/ai_contract_analyzer/api/backend/services/auth_service.go:47.3,52.53 5 1
github.com/andradeatdev/ai_contract_analyzer/api/backend/services/auth_service.go:52.53,54.4 1 0
github.com/andradeatdev/ai_contract_analyzer/api/backend/services/auth_service.go:57.3,58.17 2 1
github.com/andradeatdev/ai_contract_analyzer/api/backend/services/auth_service.go:58.17,60.4 1 0
github.com/andradeatdev/ai_contract_analyzer/api/backend/services/auth_service.go:62.3,62.95 1 1
github.com/andradeatdev/ai_contract_analyzer/api/backend/services/auth_service.go:62.95,64.4 1 0
github.com/andradeatdev/ai_contract_analyzer/api/backend/services/auth_service.go:65.3,65.23 1 1
github.com/andradeatdev/ai_contract_analyzer/api/backend/services/auth_service.go:69.2,70.16 2 1
github.com/andradeatdev/ai_contract_analyzer/api/backend/services/auth_service.go:70.16,72.3 1 0
github.com/andradeatdev/ai_contract_analyzer/api/backend/services/auth_service.go:75.2,79.16 2 1
github.com/andradeatdev/ai_contract_analyzer/api/backend/services/auth_service.go:79.16,81.3 1 0
github.com/andradeatdev/ai_contract_analyzer/api/backend/services/auth_service.go:83.2,93.48 2 1
github.com/andradeatdev/ai_contract_analyzer/api/backend/services/auth_service.go:93.48,95.3 1 0
github.com/andradeatdev/ai_contract_analyzer/api/backend/services/auth_service.go:98.2,99.16 2 1
github.com/andradeatdev/ai_contract_analyzer/api/backend/services/auth_service.go:99.16,101.3 1 0
github.com/andradeatdev/ai_contract_analyzer/api/backend/services/auth_service.go:104.2,104.86 1 1
github.com/andradeatdev/ai_contract_analyzer/api/backend/services/auth_service.go:104.86,106.3 1 0
github.com/andradeatdev/ai_contract_analyzer/api/backend/services/auth_service.go:108.2,108.18 1 1
github.com/andradeatdev/ai_contract_analyzer/api/backend/services/auth_service.go:111.66,113.16 2 1
github.com/andradeatdev/ai_contract_analyzer/api/backend/services/auth_service.go:113.16,115.3 1 0
github.com/andradeatdev/ai_contract_analyzer/api/backend/services/auth_service.go:117.2,117.24 1 1
github.com/andradeatdev/ai_contract_analyzer/api/backend/services/auth_service.go:117.24,119.3 1 0
github.com/andradeatdev/ai_contract_analyzer/api/backend/services/auth_service.go:122.2,122.67 1 1
github.com/andradeatdev/ai_contract_analyzer/api/backend/services/auth_service.go:122.67,125.3 2 1
github.com/andradeatdev/ai_contract_analyzer/api/backend/services/auth_service.go:128.2,131.48 3 1
github.com/andradeatdev/ai_contract_analyzer/api/backend/services/auth_service.go:131.48,133.3 1 0
github.com/andradeatdev/ai_contract_analyzer/api/backend/services/auth_service.go:136.2,137.16 2 1
github.com/andradeatdev/ai_contract_analyzer/api/backend/services/auth_service.go:137.16,139.3 1 0
github.com/andradeatdev/ai_contract_analyzer/api/backend/services/auth_service.go:141.2,141.70 1 1
github.com/andradeatdev/ai_contract_analyzer/api/backend/services/auth_service.go:144.71,146.16 2 1
github.com/andradeatdev/ai_contract_analyzer/api/backend/services/auth_service.go:146.16,148.3 1 1
github.com/andradeatdev/ai_contract_analyzer/api/backend/services/auth_service.go:151.2,151.88 1 1
github.com/andradeatdev/ai_contract_analyzer/api/backend/services/auth_service.go:151.88,153.3 1 1
github.com/andradeatdev/ai_contract_analyzer/api/backend/services/auth_service.go:153.8,163.29 2 1
github.com/andradeatdev/ai_contract_analyzer/api/backend/services/auth_service.go:163.29,165.4 1 1
github.com/andradeatdev/ai_contract_analyzer/api/backend/services/auth_service.go:168.2,168.43 1 1
github.com/andradeatdev/ai_contract_analyzer/api/backend/services/auth_service.go:168.43,170.3 1 0
github.com/andradeatdev/ai_contract_analyzer/api/backend/services/auth_service.go:172.2,175.48 3 1
github.com/andradeatdev/ai_contract_analyzer/api/backend/services/auth_service.go:175.48,177.3 1 0
github.com/andradeatdev/ai_contract_analyzer/api/backend/services/auth_service.go:180.2,180.30 1 1
github.com/andradeatdev/ai_contract_analyzer/api/backend/services/auth_service.go:183.72,191.21 3 1
github.com/andradeatdev/ai_contract_analyzer/api/backend/services/auth_service.go:191.21,193.3 1 1
github.com/andradeatdev/ai_contract_analyzer/api/backend/services/auth_service.go:195.2,195.46 1 1
github.com/andradeatdev/ai_contract_analyzer/api/backend/services/auth_service.go:198.69,200.16 2 0
github.com/andradeatdev/ai_contract_analyzer/api/backend/services/auth_service.go:200.16,202.3 1 0
github.com/andradeatdev/ai_contract_analyzer/api/backend/services/auth_service.go:205.2,205.25 1 0
github.com/andradeatdev/ai_contract_analyzer/api/backend/services/auth_service.go:205.25,207.3 1 0
github.com/andradeatdev/ai_contract_analyzer/api/backend/services/auth_service.go:210.2,210.99 1 0
github.com/andradeatdev/ai_contract_analyzer/api/backend/services/auth_service.go:210.99,212.3 1 0
github.com/andradeatdev/ai_contract_analyzer/api/backend/services/auth_service.go:214.2,214.30 1 0
github.com/andradeatdev/ai_contract_analyzer/api/backend/services/contract_service.go:32.96,34.2 1 0
github.com/andradeatdev/ai_contract_analyzer/api/backend/services/contract_service.go:36.139,38.2 1 0
github.com/andradeatdev/ai_contract_analyzer/api/backend/services/contract_service.go:40.97,42.2 1 0
github.com/andradeatdev/ai_contract_analyzer/api/backend/services/contract_service.go:50.61,52.2 1 0
github.com/andradeatdev/ai_contract_analyzer/api/backend/services/contract_service.go:61.139,62.21 1 1
github.com/andradeatdev/ai_contract_analyzer/api/backend/services/contract_service.go:62.21,64.3 1 1
github.com/andradeatdev/ai_contract_analyzer/api/backend/services/contract_service.go:65.2,65.22 1 1
github.com/andradeatdev/ai_contract_analyzer/api/backend/services/contract_service.go:65.22,67.3 1 1
github.com/andradeatdev/ai_contract_analyzer/api/backend/services/contract_service.go:68.2,68.20 1 1
github.com/andradeatdev/ai_contract_analyzer/api/backend/services/contract_service.go:68.20,70.3 1 1
github.com/andradeatdev/ai_contract_analyzer/api/backend/services/contract_service.go:71.2,71.91 1 1
github.com/andradeatdev/ai_contract_analyzer/api/backend/services/contract_service.go:74.70,85.40 6 1
github.com/andradeatdev/ai_contract_analyzer/api/backend/services/contract_service.go:85.40,88.22 2 0
github.com/andradeatdev/ai_contract_analyzer/api/backend/services/contract_service.go:88.22,90.4 1 0
github.com/andradeatdev/ai_contract_analyzer/api/backend/services/contract_service.go:91.3,91.44 1 0
github.com/andradeatdev/ai_contract_analyzer/api/backend/services/contract_service.go:93.2,98.35 3 1
github.com/andradeatdev/ai_contract_analyzer/api/backend/services/contract_service.go:98.35,100.3 1 0
github.com/andradeatdev/ai_contract_analyzer/api/backend/services/contract_service.go:102.2,102.18 1 1
github.com/andradeatdev/ai_contract_analyzer/api/backend/services/contract_service.go:105.136,108.16 2 1
github.com/andradeatdev/ai_contract_analyzer/api/backend/services/contract_service.go:108.16,110.3 1 0
github.com/andradeatdev/ai_contract_analyzer/api/backend/services/contract_service.go:113.2,114.16 2 1
github.com/andradeatdev/ai_contract_analyzer/api/backend/services/contract_service.go:114.16,116.3 1 0
github.com/andradeatdev/ai_contract_analyzer/api/backend/services/contract_service.go:119.2,119.26 1 1
github.com/andradeatdev/ai_contract_analyzer/api/backend/services/contract_service.go:119.26,121.3 1 1
github.com/andradeatdev/ai_contract_analyzer/api/backend/services/contract_service.go:124.2,125.16 2 1
github.com/andradeatdev/ai_contract_analyzer/api/backend/services/contract_service.go:125.16,127.3 1 0
github.com/andradeatdev/ai_contract_analyzer/api/backend/services/contract_service.go:130.2,139.35 2 1
github.com/andradeatdev/ai_contract_analyzer/api/backend/services/contract_service.go:139.35,146.3 1 1
github.com/andradeatdev/ai_contract_analyzer/api/backend/services/contract_service.go:149.2,149.48 1 1
github.com/andradeatdev/ai_contract_analyzer/api/backend/services/contract_service.go:149.48,151.3 1 0
github.com/andradeatdev/ai_contract_analyzer/api/backend/services/contract_service.go:154.2,156.22 2 1
github.com/andradeatdev/ai_contract_analyzer/api/backend/services/contract_service.go:159.92,163.33 3 1
github.com/andradeatdev/ai_contract_analyzer/api/backend/services/contract_service.go:163.33,165.17 2 1
github.com/andradeatdev/ai_contract_analyzer/api/backend/services/contract_service.go:165.17,167.12 2 0
github.com/andradeatdev/ai_contract_analyzer/api/backend/services/contract_service.go:170.3,174.5 1 1
github.com/andradeatdev/ai_contract_analyzer/api/backend/services/contract_service.go:177.2,177.60 1 1
github.com/andradeatdev/ai_contract_analyzer/api/backend/services/contract_service.go:177.60,179.3 1 0
github.com/andradeatdev/ai_contract_analyzer/api/backend/services/contract_service.go:182.87,184.20 2 1
github.com/andradeatdev/ai_contract_analyzer/api/backend/services/contract_service.go:184.20,186.3 1 0
github.com/andradeatdev/ai_contract_analyzer/api/backend/services/contract_service.go:189.2,189.54 1 1
github.com/andradeatdev/ai_contract_analyzer/api/backend/services/contract_service.go:189.54,191.22 2 1
github.com/andradeatdev/ai_contract_analyzer/api/backend/services/contract_service.go:191.22,193.4 1 1
github.com/andradeatdev/ai_contract_analyzer/api/backend/services/contract_service.go:194.3,195.23 2 1
github.com/andradeatdev/ai_contract_analyzer/api/backend/services/contract_service.go:195.23,196.9 1 1
github.com/andradeatdev/ai_contract_analyzer/api/backend/services/contract_service.go:199.2,199.15 1 1
github.com/andradeatdev/ai_contract_analyzer/api/backend/services/contract_service.go:202.114,205.16 2 1
github.com/andradeatdev/ai_contract_analyzer/api/backend/services/contract_service.go:205.16,207.3 1 0
github.com/andradeatdev/ai_contract_analyzer/api/backend/services/contract_service.go:210.2,211.16 2 1
github.com/andradeatdev/ai_contract_analyzer/api/backend/services/contract_service.go:211.16,213.3 1 0
github.com/andradeatdev/ai_contract_analyzer/api/backend/services/contract_service.go:216.2,217.16 2 1
github.com/andradeatdev/ai_contract_analyzer/api/backend/services/contract_service.go:217.16,219.3 1 0
github.com/andradeatdev/ai_contract_analyzer/api/backend/services/contract_service.go:222.2,223.16 2 1
github.com/andradeatdev/ai_contract_analyzer/api/backend/services/contract_service.go:223.16,225.3 1 0
github.com/andradeatdev/ai_contract_analyzer/api/backend/services/contract_service.go:228.2,228.26 1 1
github.com/andradeatdev/ai_contract_analyzer/api/backend/services/contract_service.go:228.26,230.3 1 0
github.com/andradeatdev/ai_contract_analyzer/api/backend/services/contract_service.go:233.2,233.68 1 1
github.com/andradeatdev/ai_contract_analyzer/api/backend/services/contract_service.go:233.68,235.3 1 0
github.com/andradeatdev/ai_contract_analyzer/api/backend/services/contract_service.go:236.2,236.69 1 1
github.com/andradeatdev/ai_contract_analyzer/api/backend/services/contract_service.go:236.69,238.3 1 0
github.com/andradeatdev/ai_contract_analyzer/api/backend/services/contract_service.go:241.2,245.35 4 1
github.com/andradeatdev/ai_contract_analyzer/api/backend/services/contract_service.go:245.35,253.3 1 1
github.com/andradeatdev/ai_contract_analyzer/api/backend/services/contract_service.go:256.2,256.48 1 1
github.com/andradeatdev/ai_contract_analyzer/api/backend/services/contract_service.go:256.48,258.3 1 0
github.com/andradeatdev/ai_contract_analyzer/api/backend/services/contract_service.go:261.2,263.22 2 1
github.com/andradeatdev/ai_contract_analyzer/api/backend/services/contract_service.go:266.88,268.16 2 1
github.com/andradeatdev/ai_contract_analyzer/api/backend/services/contract_service.go:268.16,270.3 1 0
github.com/andradeatdev/ai_contract_analyzer/api/backend/services/contract_service.go:272.2,280.30 7 1
github.com/andradeatdev/ai_contract_analyzer/api/backend/services/contract_service.go:280.30,282.3 1 0
github.com/andradeatdev/ai_contract_analyzer/api/backend/services/contract_service.go:282.8,283.36 1 1
github.com/andradeatdev/ai_contract_analyzer/api/backend/services/contract_service.go:283.36,285.28 2 1
github.com/andradeatdev/ai_contract_analyzer/api/backend/services/contract_service.go:285.28,287.5 1 1
github.com/andradeatdev/ai_contract_analyzer/api/backend/services/contract_service.go:287.10,287.37 1 0
github.com/andradeatdev/ai_contract_analyzer/api/backend/services/contract_service.go:287.37,289.5 1 0
github.com/andradeatdev/ai_contract_analyzer/api/backend/services/contract_service.go:291.4,294.22 4 1
github.com/andradeatdev/ai_contract_analyzer/api/backend/services/contract_service.go:294.22,297.5 2 0
github.com/andradeatdev/ai_contract_analyzer/api/backend/services/contract_service.go:298.4,298.29 1 1
github.com/andradeatdev/ai_contract_analyzer/api/backend/services/contract_service.go:302.2,304.70 2 1
github.com/andradeatdev/ai_contract_analyzer/api/backend/services/contract_service.go:307.120,310.16 2 1
github.com/andradeatdev/ai_contract_analyzer/api/backend/services/contract_service.go:310.16,312.3 1 0
github.com/andradeatdev/ai_contract_analyzer/api/backend/services/contract_service.go:315.2,316.16 2 1
github.com/andradeatdev/ai_contract_analyzer/api/backend/services/contract_service.go:316.16,318.3 1 0
github.com/andradeatdev/ai_contract_analyzer/api/backend/services/contract_service.go:321.2,326.54 2 1
github.com/andradeatdev/ai_contract_analyzer/api/backend/services/contract_service.go:326.54,328.3 1 0
github.com/andradeatdev/ai_contract_analyzer/api/backend/services/contract_service.go:331.2,332.16 2 1
github.com/andradeatdev/ai_contract_analyzer/api/backend/services/contract_service.go:332.16,334.3 1 0
github.com/andradeatdev/ai_contract_analyzer/api/backend/services/contract_service.go:336.2,337.16 2 1
github.com/andradeatdev/ai_contract_analyzer/api/backend/services/contract_service.go:337.16,339.3 1 1
github.com/andradeatdev/ai_contract_analyzer/api/backend/services/contract_service.go:341.2,342.28 2 1
github.com/andradeatdev/ai_contract_analyzer/api/backend/services/contract_service.go:342.28,343.39 1 0
github.com/andradeatdev/ai_contract_analyzer/api/backend/services/contract_service.go:343.39,345.4 1 0
github.com/andradeatdev/ai_contract_analyzer/api/backend/services/contract_service.go:346.8,349.3 1 1
github.com/andradeatdev/ai_contract_analyzer/api/backend/services/contract_service.go:352.2,353.16 2 1
github.com/andradeatdev/ai_contract_analyzer/api/backend/services/contract_service.go:353.16,355.3 1 0
github.com/andradeatdev/ai_contract_analyzer/api/backend/services/contract_service.go:358.2,363.52 2 1
github.com/andradeatdev/ai_contract_analyzer/api/backend/services/contract_service.go:363.52,365.3 1 0
github.com/andradeatdev/ai_contract_analyzer/api/backend/services/contract_service.go:367.2,367.20 1 1
github.com/andradeatdev/ai_contract_analyzer/api/backend/services/contract_service.go:370.142,373.16 2 1
github.com/andradeatdev/ai_contract_analyzer/api/backend/services/contract_service.go:373.16,375.3 1 0
github.com/andradeatdev/ai_contract_analyzer/api/backend/services/contract_service.go:378.2,385.48 2 1
github.com/andradeatdev/ai_contract_analyzer/api/backend/services/contract_service.go:385.48,387.3 1 0
github.com/andradeatdev/ai_contract_analyzer/api/backend/services/contract_service.go:389.2,389.18 1 1
github.com/andradeatdev/ai_contract_analyzer/api/backend/services/contract_service.go:392.66,394.2 1 0
github.com/andradeatdev/ai_contract_analyzer/api/backend/services/contract_service.go:396.81,398.2 1 0
github.com/andradeatdev/ai_contract_analyzer/api/backend/services/contract_service.go:400.91,402.2 1 0
github.com/andradeatdev/ai_contract_analyzer/api/backend/services/contract_service.go:404.97,406.2 1 0
github.com/andradeatdev/ai_contract_analyzer/api/backend/services/contract_service.go:408.87,410.16 2 0
github.com/andradeatdev/ai_contract_analyzer/api/backend/services/contract_service.go:410.16,412.3 1 0
github.com/andradeatdev/ai_contract_analyzer/api/backend/services/contract_service.go:413.2,414.32 2 0
github.com/andradeatdev/ai_contract_analyzer/api/backend/services/contract_service.go:417.90,419.2 1 0
github.com/andradeatdev/ai_contract_analyzer/api/backend/services/contract_service.go:421.70,423.16 2 0
github.com/andradeatdev/ai_contract_analyzer/api/backend/services/contract_service.go:423.16,425.3 1 0
github.com/andradeatdev/ai_contract_analyzer/api/backend/services/contract_service.go:426.2,426.29 1 0
github.com/andradeatdev/ai_contract_analyzer/api/backend/services/contract_service.go:426.29,428.83 1 0
github.com/andradeatdev/ai_contract_analyzer/api/backend/services/contract_service.go:428.83,431.4 1 0
github.com/andradeatdev/ai_contract_analyzer/api/backend/services/contract_service.go:433.2,433.34 1 0
github.com/andradeatdev/ai_contract_analyzer/api/backend/services/contract_service.go:436.66,438.2 1 0
github.com/andradeatdev/ai_contract_analyzer/api/backend/services/contract_service.go:440.63,442.2 1 0
github.com/andradeatdev/ai_contract_analyzer/api/backend/services/contract_service.go:450.74,452.16 2 1
github.com/andradeatdev/ai_contract_analyzer/api/backend/services/contract_service.go:452.16,454.3 1 0
github.com/andradeatdev/ai_contract_analyzer/api/backend/services/contract_service.go:456.2,460.30 2 1
github.com/andradeatdev/ai_contract_analyzer/api/backend/services/contract_service.go:460.30,462.29 2 1
github.com/andradeatdev/ai_contract_analyzer/api/backend/services/contract_service.go:462.29,463.28 1 1
github.com/andradeatdev/ai_contract_analyzer/api/backend/services/contract_service.go:463.28,465.5 1 1
github.com/andradeatdev/ai_contract_analyzer/api/backend/services/contract_service.go:469.2,469.19 1 1
github.com/andradeatdev/ai_contract_analyzer/api/backend/services/contract_service.go:481.77,483.16 2 0
github.com/andradeatdev/ai_contract_analyzer/api/backend/services/contract_service.go:483.16,485.3 1 0
github.com/andradeatdev/ai_contract_analyzer/api/backend/services/contract_service.go:487.2,488.16 2 0
github.com/andradeatdev/ai_contract_analyzer/api/backend/services/contract_service.go:488.16,490.3 1 0
github.com/andradeatdev/ai_contract_analyzer/api/backend/services/contract_service.go:492.2,494.30 2 0
github.com/andradeatdev/ai_contract_analyzer/api/backend/services/contract_service.go:494.30,503.3 1 0
github.com/andradeatdev/ai_contract_analyzer/api/backend/services/contract_service.go:505.2,505.29 1 0
github.com/andradeatdev/ai_contract_analyzer/api/backend/services/contract_service.go:505.29,506.23 1 0
github.com/andradeatdev/ai_contract_analyzer/api/backend/services/contract_service.go:506.23,508.24 2 0
github.com/andradeatdev/ai_contract_analyzer/api/backend/services/contract_service.go:508.24,510.5 1 0
github.com/andradeatdev/ai_contract_analyzer/api/backend/services/contract_service.go:513.4,514.32 2 0
github.com/andradeatdev/ai_contract_analyzer/api/backend/services/contract_service.go:514.32,515.29 1 0
github.com/andradeatdev/ai_contract_analyzer/api/backend/services/contract_service.go:515.29,517.11 2 0
github.com/andradeatdev/ai_contract_analyzer/api/backend/services/contract_service.go:521.4,528.6 1 0
github.com/andradeatdev/ai_contract_analyzer/api/backend/services/contract_service.go:533.2,533.40 1 0
github.com/andradeatdev/ai_contract_analyzer/api/backend/services/contract_service.go:533.40,535.3 1 0
github.com/andradeatdev/ai_contract_analyzer/api/backend/services/contract_service.go:537.2,537.21 1 0
github.com/andradeatdev/ai_contract_analyzer/api/backend/services/contract_service.go:537.21,539.3 1 0
github.com/andradeatdev/ai_contract_analyzer/api/backend/services/contract_service.go:541.2,541.19 1 0
github.com/andradeatdev/ai_contract_analyzer/api/backend/services/storage_adapters.go:20.105,21.55 1 0
github.com/andradeatdev/ai_contract_analyzer/api/backend/services/storage_adapters.go:21.55,23.3 1 0
github.com/andradeatdev/ai_contract_analyzer/api/backend/services/storage_adapters.go:25.2,28.59 3 0
github.com/andradeatdev/ai_contract_analyzer/api/backend/services/storage_adapters.go:28.59,30.3 1 0
github.com/andradeatdev/ai_contract_analyzer/api/backend/services/storage_adapters.go:32.2,32.22 1 0
github.com/andradeatdev/ai_contract_analyzer/api/backend/services/storage_adapters.go:35.90,38.2 1 0
github.com/andradeatdev/ai_contract_analyzer/api/backend/services/storage_adapters.go:40.78,42.2 1 0
github.com/andradeatdev/ai_contract_analyzer/api/backend/services/storage_adapters.go:49.103,55.16 3 0
github.com/andradeatdev/ai_contract_analyzer/api/backend/services/storage_adapters.go:55.16,57.3 1 0
github.com/andradeatdev/ai_contract_analyzer/api/backend/services/storage_adapters.go:59.2,65.16 6 0
github.com/andradeatdev/ai_contract_analyzer/api/backend/services/storage_adapters.go:65.16,67.3 1 0
github.com/andradeatdev/ai_contract_analyzer/api/backend/services/storage_adapters.go:68.2,68.15 1 0
github.com/andradeatdev/ai_contract_analyzer/api/backend/services/storage_adapters.go:68.15,68.40 1 0
github.com/andradeatdev/ai_contract_analyzer/api/backend/services/storage_adapters.go:70.2,70.79 1 0
github.com/andradeatdev/ai_contract_analyzer/api/backend/services/storage_adapters.go:70.79,73.3 2 0
github.com/andradeatdev/ai_contract_analyzer/api/backend/services/storage_adapters.go:75.2,78.67 2 0
github.com/andradeatdev/ai_contract_analyzer/api/backend/services/storage_adapters.go:78.67,80.3 1 0
github.com/andradeatdev/ai_contract_analyzer/api/backend/services/storage_adapters.go:82.2,82.24 1 0
github.com/andradeatdev/ai_contract_analyzer/api/backend/services/storage_adapters.go:85.87,87.16 2 0
github.com/andradeatdev/ai_contract_analyzer/api/backend/services/storage_adapters.go:87.16,89.3 1 0
github.com/andradeatdev/ai_contract_analyzer/api/backend/services/storage_adapters.go:91.2,95.16 4 0
github.com/andradeatdev/ai_contract_analyzer/api/backend/services/storage_adapters.go:95.16,97.3 1 0
github.com/andradeatdev/ai_contract_analyzer/api/backend/services/storage_adapters.go:98.2,98.15 1 0
github.com/andradeatdev/ai_contract_analyzer/api/backend/services/storage_adapters.go:98.15,98.40 1 0
github.com/andradeatdev/ai_contract_analyzer/api/backend/services/storage_adapters.go:100.2,100.38 1 0
github.com/andradeatdev/ai_contract_analyzer/api/backend/services/storage_adapters.go:100.38,102.3 1 0
github.com/andradeatdev/ai_contract_analyzer/api/backend/services/storage_adapters.go:104.2,104.30 1 0
github.com/andradeatdev/ai_contract_analyzer/api/backend/services/storage_adapters.go:107.75,109.16 2 0
github.com/andradeatdev/ai_contract_analyzer/api/backend/services/storage_adapters.go:109.16,111.3 1 0
github.com/andradeatdev/ai_contract_analyzer/api/backend/services/storage_adapters.go:113.2,117.16 4 0
github.com/andradeatdev/ai_contract_analyzer/api/backend/services/storage_adapters.go:117.16,119.3 1 0
github.com/andradeatdev/ai_contract_analyzer/api/backend/services/storage_adapters.go:120.2,120.15 1 0
github.com/andradeatdev/ai_contract_analyzer/api/backend/services/storage_adapters.go:120.15,120.40 1 0
github.com/andradeatdev/ai_contract_analyzer/api/backend/services/storage_adapters.go:122.2,122.81 1 0
github.com/andradeatdev/ai_contract_analyzer/api/backend/services/storage_adapters.go:122.81,124.3 1 0
github.com/andradeatdev/ai_contract_analyzer/api/backend/services/storage_adapters.go:126.2,126.12 1 0
github.com/andradeatdev/ai_contract_analyzer/api/pkg/ai/gemini.go:27.89,29.18 2 0
github.com/andradeatdev/ai_contract_analyzer/api/pkg/ai/gemini.go:29.18,31.3 1 0
github.com/andradeatdev/ai_contract_analyzer/api/pkg/ai/gemini.go:33.2,34.16 2 0
github.com/andradeatdev/ai_contract_analyzer/api/pkg/ai/gemini.go:34.16,36.3 1 0
github.com/andradeatdev/ai_contract_analyzer/api/pkg/ai/gemini.go:37.2,37.15 1 0
github.com/andradeatdev/ai_contract_analyzer/api/pkg/ai/gemini.go:37.15,37.37 1 0
github.com/andradeatdev/ai_contract_analyzer/api/pkg/ai/gemini.go:39.2,65.16 4 0
github.com/andradeatdev/ai_contract_analyzer/api/pkg/ai/gemini.go:65.16,67.3 1 0
github.com/andradeatdev/ai_contract_analyzer/api/pkg/ai/gemini.go:69.2,69.68 1 0
github.com/andradeatdev/ai_contract_analyzer/api/pkg/ai/gemini.go:69.68,71.3 1 0
github.com/andradeatdev/ai_contract_analyzer/api/pkg/ai/gemini.go:73.2,74.56 2 0
github.com/andradeatdev/ai_contract_analyzer/api/pkg/ai/gemini.go:74.56,75.40 1 0
github.com/andradeatdev/ai_contract_analyzer/api/pkg/ai/gemini.go:75.40,77.4 1 0
github.com/andradeatdev/ai_contract_analyzer/api/pkg/ai/gemini.go:80.2,84.71 4 0
github.com/andradeatdev/ai_contract_analyzer/api/pkg/ai/gemini.go:84.71,87.3 2 0
github.com/andradeatdev/ai_contract_analyzer/api/pkg/ai/gemini.go:89.2,89.23 1 0
github.com/andradeatdev/ai_contract_analyzer/api/pkg/ai/gemini.go:92.77,94.18 2 0
github.com/andradeatdev/ai_contract_analyzer/api/pkg/ai/gemini.go:94.18,96.3 1 0
github.com/andradeatdev/ai_contract_analyzer/api/pkg/ai/gemini.go:98.2,99.16 2 0
github.com/andradeatdev/ai_contract_analyzer/api/pkg/ai/gemini.go:99.16,101.3 1 0
github.com/andradeatdev/ai_contract_analyzer/api/pkg/ai/gemini.go:102.2,102.15 1 0
github.com/andradeatdev/ai_contract_analyzer/api/pkg/ai/gemini.go:102.15,102.37 1 0
github.com/andradeatdev/ai_contract_analyzer/api/pkg/ai/gemini.go:105.2,107.16 3 0
github.com/andradeatdev/ai_contract_analyzer/api/pkg/ai/gemini.go:107.16,109.3 1 0
github.com/andradeatdev/ai_contract_analyzer/api/pkg/ai/gemini.go:111.2,111.34 1 0
github.com/andradeatdev/ai_contract_analyzer/api/pkg/ai/gemini.go:114.131,116.18 2 0
github.com/andradeatdev/ai_contract_analyzer/api/pkg/ai/gemini.go:116.18,118.3 1 0
github.com/andradeatdev/ai_contract_analyzer/api/pkg/ai/gemini.go:120.2,121.16 2 0
github.com/andradeatdev/ai_contract_analyzer/api/pkg/ai/gemini.go:121.16,123.3 1 0
github.com/andradeatdev/ai_contract_analyzer/api/pkg/ai/gemini.go:124.2,124.15 1 0
github.com/andradeatdev/ai_contract_analyzer/api/pkg/ai/gemini.go:124.15,124.37 1 0
github.com/andradeatdev/ai_contract_analyzer/api/pkg/ai/gemini.go:126.2,141.30 5 0
github.com/andradeatdev/ai_contract_analyzer/api/pkg/ai/gemini.go:141.30,143.3 1 0
github.com/andradeatdev/ai_contract_analyzer/api/pkg/ai/gemini.go:144.2,147.16 3 0
github.com/andradeatdev/ai_contract_analyzer/api/pkg/ai/gemini.go:147.16,149.3 1 0
github.com/andradeatdev/ai_contract_analyzer/api/pkg/ai/gemini.go:151.2,151.68 1 0
github.com/andradeatdev/ai_contract_analyzer/api/pkg/ai/gemini.go:151.68,153.3 1 0
github.com/andradeatdev/ai_contract_analyzer/api/pkg/ai/gemini.go:155.2,156.56 2 0
github.com/andradeatdev/ai_contract_analyzer/api/pkg/ai/gemini.go:156.56,157.40 1 0
github.com/andradeatdev/ai_contract_analyzer/api/pkg/ai/gemini.go:157.40,159.4 1 0
github.com/andradeatdev/ai_contract_analyzer/api/pkg/ai/gemini.go:162.2,162.26 1 0
github.com/andradeatdev/ai_contract_analyzer/api/pkg/ai/gemini.go:165.41,168.47 2 0
github.com/andradeatdev/ai_contract_analyzer/api/pkg/ai/gemini.go:168.47,170.44 2 0
github.com/andradeatdev/ai_contract_analyzer/api/pkg/ai/gemini.go:170.44,172.4 1 0
github.com/andradeatdev/ai_contract_analyzer/api/pkg/ai/gemini.go:173.8,173.50 1 0
github.com/andradeatdev/ai_contract_analyzer/api/pkg/ai/gemini.go:173.50,175.44 2 0
github.com/andradeatdev/ai_contract_analyzer/api/pkg/ai/gemini.go:175.44,177.4 1 0
github.com/andradeatdev/ai_contract_analyzer/api/pkg/ai/gemini.go:180.2,183.46 3 0
github.com/andradeatdev/ai_contract_analyzer/api/pkg/ai/gemini.go:183.46,185.3 1 0
github.com/andradeatdev/ai_contract_analyzer/api/pkg/ai/gemini.go:186.2,186.44 1 0
github.com/andradeatdev/ai_contract_analyzer/api/backend/app/app.go:19.28,25.57 5 0
github.com/andradeatdev/ai_contract_analyzer/api/backend/app/app.go:25.57,27.3 1 0
github.com/andradeatdev/ai_contract_analyzer/api/backend/app/app.go:29.2,38.45 7 0
github.com/andradeatdev/ai_contract_analyzer/api/backend/app/app.go:41.24,43.15 2 0
github.com/andradeatdev/ai_contract_analyzer/api/backend/app/app.go:43.15,45.3 1 0
github.com/andradeatdev/ai_contract_analyzer/api/backend/app/app.go:47.2,47.15 1 0
github.com/andradeatdev/ai_contract_analyzer/api/backend/app/app.go:47.15,55.3 1 0
github.com/andradeatdev/ai_contract_analyzer/api/backend/app/app.go:57.2,58.16 2 0
github.com/andradeatdev/ai_contract_analyzer/api/backend/app/app.go:58.16,60.3 1 0
github.com/andradeatdev/ai_contract_analyzer/api/backend/app/app.go:63.2,63.72 1 0
github.com/andradeatdev/ai_contract_analyzer/api/backend/app/app.go:63.72,65.3 1 0
github.com/andradeatdev/ai_contract_analyzer/api/backend/app/app.go:67.2,67.155 1 0
github.com/andradeatdev/ai_contract_analyzer/api/backend/app/app.go:67.155,69.3 1 0
github.com/andradeatdev/ai_contract_analyzer/api/backend/app/app.go:71.2,71.11 1 0
github.com/andradeatdev/ai_contract_analyzer/api/backend/app/app.go:74.41,76.21 2 0
github.com/andradeatdev/ai_contract_analyzer/api/backend/app/app.go:76.21,79.3 2 0
github.com/andradeatdev/ai_contract_analyzer/api/backend/app/app.go:81.2,82.32 2 0
github.com/andradeatdev/ai_contract_analyzer/api/backend/app/app.go:82.32,84.3 1 0
github.com/andradeatdev/ai_contract_analyzer/api/backend/app/app.go:85.2,86.60 2 0
github.com/andradeatdev/ai_contract_analyzer/api/backend/app/app.go:89.105,90.73 1 0
github.com/andradeatdev/ai_contract_analyzer/api/backend/app/app.go:90.73,92.3 1 0
github.com/andradeatdev/ai_contract_analyzer/api/backend/app/app.go:95.2,106.110 9 0
github.com/andradeatdev/ai_contract_analyzer/api/backend/app/app.go:106.110,108.3 1 0
github.com/andradeatdev/ai_contract_analyzer/api/backend/app/app.go:110.2,110.116 1 0
github.com/andradeatdev/ai_contract_analyzer/api/backend/app/app.go:110.116,112.3 1 0
github.com/andradeatdev/ai_contract_analyzer/api/backend/app/app.go:115.91,116.32 1 0
github.com/andradeatdev/ai_contract_analyzer/api/backend/app/app.go:116.32,118.3 1 0
github.com/andradeatdev/ai_contract_analyzer/api/backend/app/app.go:118.8,118.70 1 0
github.com/andradeatdev/ai_contract_analyzer/api/backend/app/app.go:118.70,120.3 1 0
github.com/andradeatdev/ai_contract_analyzer/api/backend/app/app.go:120.8,122.3 1 0
github.com/andradeatdev/ai_contract_analyzer/api/backend/app/app.go:125.96,127.51 2 0
github.com/andradeatdev/ai_contract_analyzer/api/backend/app/app.go:127.51,130.3 2 0
github.com/andradeatdev/ai_contract_analyzer/api/backend/app/app.go:132.2,132.46 1 0
github.com/andradeatdev/ai_contract_analyzer/api/backend/app/app.go:132.46,136.3 3 0
github.com/andradeatdev/ai_contract_analyzer/api/backend/app/app.go:138.2,138.63 1 0
github.com/andradeatdev/ai_contract_analyzer/api/backend/app/app.go:138.63,141.3 2 0
github.com/andradeatdev/ai_contract_analyzer/api/backend/app/app.go:143.2,144.72 2 0
github.com/andradeatdev/ai_contract_analyzer/api/backend/app/app.go:144.72,147.3 2 0
github.com/andradeatdev/ai_contract_analyzer/api/backend/app/app.go:149.2,149.75 1 0
github.com/andradeatdev/ai_contract_analyzer/api/backend/app/app.go:149.75,152.3 2 0
github.com/andradeatdev/ai_contract_analyzer/api/backend/app/app.go:154.2,154.76 1 0
github.com/andradeatdev/ai_contract_analyzer/api/backend/app/app.go:154.76,157.3 2 0
github.com/andradeatdev/ai_contract_analyzer/api/backend/app/app.go:159.2,159.73 1 0
github.com/andradeatdev/ai_contract_analyzer/api/backend/app/app.go:159.73,162.3 2 0
github.com/andradeatdev/ai_contract_analyzer/api/backend/app/app.go:164.2,164.66 1 0
github.com/andradeatdev/ai_contract_analyzer/api/backend/app/app.go:164.66,167.3 2 0
github.com/andradeatdev/ai_contract_analyzer/api/backend/app/app.go:169.2,169.18 1 0
github.com/andradeatdev/ai_contract_analyzer/api/backend/app/app.go:170.22,171.22 1 0
github.com/andradeatdev/ai_contract_analyzer/api/backend/app/app.go:172.40,173.21 1 0
github.com/andradeatdev/ai_contract_analyzer/api/backend/app/app.go:174.25,175.21 1 0
github.com/andradeatdev/ai_contract_analyzer/api/backend/app/app.go:176.10,177.67 1 0
github.com/andradeatdev/ai_contract_analyzer/api/backend/app/app.go:181.61,182.54 1 0
github.com/andradeatdev/ai_contract_analyzer/api/backend/app/app.go:182.54,187.28 4 0
github.com/andradeatdev/ai_contract_analyzer/api/backend/app/app.go:187.28,190.4 2 0
github.com/andradeatdev/ai_contract_analyzer/api/backend/app/app.go:192.3,192.13 1 0
